#
# A fatal error has been detected by the Java Runtime Environment:
#
#  Internal Error (symbol.cpp:317), pid=4160, tid=9460
#  fatal error: refcount has gone to zero
#
# JRE version: OpenJDK Runtime Environment Temurin-21.0.10+7 (21.0.10+7) (build 21.0.10+7-LTS)
# Java VM: OpenJDK 64-Bit Server VM Temurin-21.0.10+7 (21.0.10+7-LTS, mixed mode, sharing, tiered, compressed oops, compressed class ptrs, parallel gc, windows-amd64)
# No core dump will be written. Minidumps are not enabled by default on client versions of Windows
#
# If you would like to submit a bug report, please visit:
#   https://github.com/adoptium/adoptium-support/issues
#

---------------  S U M M A R Y ------------

Command Line: --add-modules=ALL-SYSTEM --add-opens=java.base/java.util=ALL-UNNAMED --add-opens=java.base/java.lang=ALL-UNNAMED --add-opens=java.base/sun.nio.fs=ALL-UNNAMED -Declipse.application=org.eclipse.jdt.ls.core.id1 -Dosgi.bundles.defaultStartLevel=4 -Declipse.product=org.eclipse.jdt.ls.core.product -Djava.import.generatesMetadataFilesAtProjectRoot=false -DDetectVMInstallationsJob.disabled=true -Dfile.encoding=utf8 -XX:+UseParallelGC -XX:GCTimeRatio=4 -XX:AdaptiveSizePolicyWeight=90 -Dsun.zip.disableMemoryMapping=true -Xmx2G -Xms100m -Xlog:disable -javaagent:c:\Users\welli\.vscode\extensions\redhat.java-1.54.0-win32-x64\lombok\lombok-1.18.39-4050.jar -XX:+HeapDumpOnOutOfMemoryError -XX:HeapDumpPath=c:\Users\welli\AppData\Roaming\Code\User\workspaceStorage\cb6d659b9e166eab0c50a174156a1de8\redhat.java -Daether.dependencyCollector.impl=bf c:\Users\welli\.vscode\extensions\redhat.java-1.54.0-win32-x64\server\plugins\org.eclipse.equinox.launcher_1.7.100.v20251111-0406.jar -configuration c:\Users\welli\AppData\Roaming\Code\User\globalStorage\redhat.java\1.54.0\config_win -data c:\Users\welli\AppData\Roaming\Code\User\workspaceStorage\cb6d659b9e166eab0c50a174156a1de8\redhat.java\jdt_ws --pipe=\\.\pipe\lsp-64852537c8fae4d18842aa1284c4792b-sock

Host: AMD Ryzen 3 3200G with Radeon Vega Graphics    , 4 cores, 5G,  Windows 11 , 64 bit Build 26100 (10.0.26100.8246)
Time: Mon Apr 20 17:50:06 2026 Hora Padrăo de Buenos Aires elapsed time: 0.716034 seconds (0d 0h 0m 0s)

---------------  T H R E A D  ---------------

Current thread (0x00000239f0670450):  JavaThread "C1 CompilerThread0" daemon [_thread_in_vm, id=9460, stack(0x0000009baa600000,0x0000009baa700000) (1024K)]


Current CompileTask:
C1:716  470       3       jdk.internal.org.objectweb.asm.ByteVector::put122 (93 bytes)

Stack: [0x0000009baa600000,0x0000009baa700000]
Native frames: (J=compiled Java code, j=interpreted, Vv=VM code, C=native code)
V  [jvm.dll+0x6d7a39]
V  [jvm.dll+0x8b4b26]
V  [jvm.dll+0x8b70de]
V  [jvm.dll+0x284131]
V  [jvm.dll+0x8203e1]
V  [jvm.dll+0x207f0a]
V  [jvm.dll+0x1ff224]
V  [jvm.dll+0x1ef37a]
V  [jvm.dll+0x1ebb15]
V  [jvm.dll+0x1eb9f9]
V  [jvm.dll+0x206e05]
V  [jvm.dll+0x15bbaa]
V  [jvm.dll+0x162f3e]
V  [jvm.dll+0x161556]
V  [jvm.dll+0x15b297]
V  [jvm.dll+0x16ad68]
V  [jvm.dll+0x156885]
V  [jvm.dll+0x156bd2]
V  [jvm.dll+0x156e84]
V  [jvm.dll+0x15629c]
V  [jvm.dll+0x15802d]
V  [jvm.dll+0x25b85d]
V  [jvm.dll+0x259dea]
V  [jvm.dll+0x3f857e]
V  [jvm.dll+0x85f59d]
V  [jvm.dll+0x6d626d]
C  [ucrtbase.dll+0x37b0]
C  [KERNEL32.DLL+0x2e8d7]
C  [ntdll.dll+0x8c3fc]


---------------  P R O C E S S  ---------------

Threads class SMR info:
_java_thread_list=0x00000239f1378390, length=10, elements={
0x00000239d9bfab80, 0x00000239f05e7510, 0x00000239f05e9c60, 0x00000239f05ee340,
0x00000239f05f00e0, 0x00000239f05f2dd0, 0x00000239f05f3830, 0x00000239f05f4670,
0x00000239f0670450, 0x00000239f1392380
}

Java Threads: ( => current thread )
  0x00000239d9bfab80 JavaThread "main"                              [_thread_in_Java, id=1996, stack(0x0000009ba9a00000,0x0000009ba9b00000) (1024K)]
  0x00000239f05e7510 JavaThread "Reference Handler"          daemon [_thread_blocked, id=7060, stack(0x0000009ba9f00000,0x0000009baa000000) (1024K)]
  0x00000239f05e9c60 JavaThread "Finalizer"                  daemon [_thread_blocked, id=1772, stack(0x0000009baa000000,0x0000009baa100000) (1024K)]
  0x00000239f05ee340 JavaThread "Signal Dispatcher"          daemon [_thread_blocked, id=3516, stack(0x0000009baa100000,0x0000009baa200000) (1024K)]
  0x00000239f05f00e0 JavaThread "Attach Listener"            daemon [_thread_blocked, id=9268, stack(0x0000009baa200000,0x0000009baa300000) (1024K)]
  0x00000239f05f2dd0 JavaThread "Service Thread"             daemon [_thread_blocked, id=4816, stack(0x0000009baa300000,0x0000009baa400000) (1024K)]
  0x00000239f05f3830 JavaThread "Monitor Deflation Thread"   daemon [_thread_blocked, id=9232, stack(0x0000009baa400000,0x0000009baa500000) (1024K)]
  0x00000239f05f4670 JavaThread "C2 CompilerThread0"         daemon [_thread_in_native, id=12880, stack(0x0000009baa500000,0x0000009baa600000) (1024K)]
=>0x00000239f0670450 JavaThread "C1 CompilerThread0"         daemon [_thread_in_vm, id=9460, stack(0x0000009baa600000,0x0000009baa700000) (1024K)]
  0x00000239f1392380 JavaThread "Common-Cleaner"             daemon [_thread_blocked, id=5880, stack(0x0000009baa700000,0x0000009baa800000) (1024K)]
Total: 10

Other Threads:
  0x00000239d9cbd320 VMThread "VM Thread"                           [id=7152, stack(0x0000009ba9e00000,0x0000009ba9f00000) (1024K)]
  0x00000239f058ca00 WatcherThread "VM Periodic Task Thread"        [id=10140, stack(0x0000009ba9d00000,0x0000009ba9e00000) (1024K)]
  0x00000239d9c19f50 WorkerThread "GC Thread#0"                     [id=6828, stack(0x0000009ba9c00000,0x0000009ba9d00000) (1024K)]
Total: 3

Threads with active compile tasks:
C2 CompilerThread0  745  478       4       jdk.internal.jimage.ImageLocation::readValue (61 bytes)
C1 CompilerThread0  745  470       3       jdk.internal.org.objectweb.asm.ByteVector::put122 (93 bytes)
Total: 2

VM state: not at safepoint (normal execution)

VM Mutex/Monitor currently owned by a thread: None

Heap address: 0x0000000080000000, size: 2048 MB, Compressed Oops mode: 32-bit

CDS archive(s) mapped at: [0x0000023980000000-0x0000023980ba0000-0x0000023980ba0000), size 12189696, SharedBaseAddress: 0x0000023980000000, ArchiveRelocationMode: 1.
Compressed class space mapped at: 0x0000023981000000-0x00000239c1000000, reserved size: 1073741824
Narrow klass base: 0x0000023980000000, Narrow klass shift: 0, Narrow klass range: 0x100000000

GC Precious Log:
 CardTable entry size: 512
 CPUs: 4 total, 4 available
 Memory: 6084M
 Large Page Support: Disabled
 NUMA Support: Disabled
 Compressed Oops: Enabled (32-bit)
 Alignments: Space 512K, Generation 512K, Heap 2M
 Heap Min Capacity: 100M
 Heap Initial Capacity: 100M
 Heap Max Capacity: 2G
 Pre-touch: Disabled
 Parallel Workers: 4

Heap:
 PSYoungGen      total 29696K, used 7507K [0x00000000d5580000, 0x00000000d7680000, 0x0000000100000000)
  eden space 25600K, 29% used [0x00000000d5580000,0x00000000d5cd4c98,0x00000000d6e80000)
  from space 4096K, 0% used [0x00000000d7280000,0x00000000d7280000,0x00000000d7680000)
  to   space 4096K, 0% used [0x00000000d6e80000,0x00000000d6e80000,0x00000000d7280000)
 ParOldGen       total 68608K, used 0K [0x0000000080000000, 0x0000000084300000, 0x00000000d5580000)
  object space 68608K, 0% used [0x0000000080000000,0x0000000080000000,0x0000000084300000)
 Metaspace       used 946K, committed 1088K, reserved 1114112K
  class space    used 85K, committed 128K, reserved 1048576K

Card table byte_map: [0x00000239d95c0000,0x00000239d99d0000] _byte_map_base: 0x00000239d91c0000

Marking Bits: (ParMarkBitMap*) 0x00007fffb1ba3450
 Begin Bits: [0x00000239ec0b0000, 0x00000239ee0b0000)
 End Bits:   [0x00000239ee0b0000, 0x00000239f00b0000)

Polling page: 0x00000239d7e00000

Metaspace:

Usage:
  Non-class:    862.77 KB used.
      Class:     85.62 KB used.
       Both:    948.40 KB used.

Virtual space:
  Non-class space:       64.00 MB reserved,     960.00 KB (  1%) committed,  1 nodes.
      Class space:        1.00 GB reserved,     128.00 KB ( <1%) committed,  1 nodes.
             Both:        1.06 GB reserved,       1.06 MB ( <1%) committed. 

Chunk freelists:
   Non-Class:  11.75 MB
       Class:  15.70 MB
        Both:  27.45 MB

MaxMetaspaceSize: unlimited
CompressedClassSpaceSize: 1.00 GB
Initial GC threshold: 21.00 MB
Current GC threshold: 21.00 MB
CDS: on
 - commit_granule_bytes: 65536.
 - commit_granule_words: 8192.
 - virtual_space_node_default_size: 8388608.
 - enlarge_chunks_in_place: 1.
 - use_allocation_guard: 0.


Internal statistics:

num_allocs_failed_limit: 0.
num_arena_births: 74.
num_arena_deaths: 0.
num_vsnodes_births: 2.
num_vsnodes_deaths: 0.
num_space_committed: 17.
num_space_uncommitted: 0.
num_chunks_returned_to_freelist: 0.
num_chunks_taken_from_freelist: 89.
num_chunk_merges: 0.
num_chunk_splits: 63.
num_chunks_enlarged: 40.
num_inconsistent_stats: 0.

CodeHeap 'non-profiled nmethods': size=120000Kb used=160Kb max_used=160Kb free=119839Kb
 bounds [0x00000239e48d0000, 0x00000239e4b40000, 0x00000239ebe00000]
CodeHeap 'profiled nmethods': size=120000Kb used=601Kb max_used=601Kb free=119398Kb
 bounds [0x00000239dce00000, 0x00000239dd070000, 0x00000239e4330000]
CodeHeap 'non-nmethods': size=5760Kb used=1146Kb max_used=1161Kb free=4613Kb
 bounds [0x00000239e4330000, 0x00000239e45a0000, 0x00000239e48d0000]
CodeCache: size=245760Kb, used=1907Kb, max_used=1922Kb, free=243850Kb
 total_blobs=866, nmethods=471, adapters=302, full_count=0
Compilation: enabled, stopped_count=0, restarted_count=0

Compilation events (20 events):
Event: 0.706 Thread 0x00000239f05f4670 nmethod 452 0x00000239e48f4d10 code [0x00000239e48f4ec0, 0x00000239e48f5350]
Event: 0.707 Thread 0x00000239f0670450  455       3       java.lang.ClassLoader::checkName (37 bytes)
Event: 0.707 Thread 0x00000239f0670450 nmethod 455 0x00000239dce92c90 code [0x00000239dce92ec0, 0x00000239dce936c8]
Event: 0.708 Thread 0x00000239f0670450  456       3       java.lang.CharacterDataLatin1::equalsIgnoreCase (63 bytes)
Event: 0.709 Thread 0x00000239f0670450 nmethod 456 0x00000239dce93a10 code [0x00000239dce93bc0, 0x00000239dce93e88]
Event: 0.709 Thread 0x00000239f0670450  457       3       java.io.File::isInvalid (47 bytes)
Event: 0.710 Thread 0x00000239f0670450 nmethod 457 0x00000239dce93f10 code [0x00000239dce940c0, 0x00000239dce94320]
Event: 0.712 Thread 0x00000239f0670450  459       3       java.lang.invoke.MemberName::flagsMods (45 bytes)
Event: 0.712 Thread 0x00000239f0670450 nmethod 459 0x00000239dce94410 code [0x00000239dce945a0, 0x00000239dce946a8]
Event: 0.712 Thread 0x00000239f0670450  462       3       java.util.Arrays::copyOf (40 bytes)
Event: 0.713 Thread 0x00000239f0670450 nmethod 462 0x00000239dce94710 code [0x00000239dce94920, 0x00000239dce94fd8]
Event: 0.713 Thread 0x00000239f0670450  460       3       java.lang.invoke.MemberName::init (53 bytes)
Event: 0.713 Thread 0x00000239f0670450 nmethod 460 0x00000239dce95210 code [0x00000239dce953a0, 0x00000239dce95500]
Event: 0.713 Thread 0x00000239f0670450  464       3       java.lang.invoke.MethodTypeForm::canonicalize (59 bytes)
Event: 0.713 Thread 0x00000239f0670450 nmethod 464 0x00000239dce95590 code [0x00000239dce95780, 0x00000239dce95a78]
Event: 0.713 Thread 0x00000239f0670450  468       3       java.util.Arrays::equals (57 bytes)
Event: 0.713 Thread 0x00000239f0670450 nmethod 468 0x00000239dce95b90 code [0x00000239dce95d80, 0x00000239dce962f0]
Event: 0.713 Thread 0x00000239f05f4670  471       4       java.lang.Math::max (11 bytes)
Event: 0.713 Thread 0x00000239f0670450  470       3       jdk.internal.org.objectweb.asm.ByteVector::put122 (93 bytes)
Event: 0.714 Thread 0x00000239f05f4670 nmethod 471 0x00000239e48f6290 code [0x00000239e48f6400, 0x00000239e48f6478]

GC Heap History (0 events):
No events

Dll operation events (8 events):
Event: 0.017 Loaded shared library c:\Users\welli\.vscode\extensions\redhat.java-1.54.0-win32-x64\jre\21.0.10-win32-x86_64\bin\java.dll
Event: 0.293 Loaded shared library c:\Users\welli\.vscode\extensions\redhat.java-1.54.0-win32-x64\jre\21.0.10-win32-x86_64\bin\zip.dll
Event: 0.364 Loaded shared library C:\Users\welli\.vscode\extensions\redhat.java-1.54.0-win32-x64\jre\21.0.10-win32-x86_64\bin\instrument.dll
Event: 0.371 Loaded shared library C:\Users\welli\.vscode\extensions\redhat.java-1.54.0-win32-x64\jre\21.0.10-win32-x86_64\bin\net.dll
Event: 0.373 Loaded shared library C:\Users\welli\.vscode\extensions\redhat.java-1.54.0-win32-x64\jre\21.0.10-win32-x86_64\bin\nio.dll
Event: 0.382 Loaded shared library C:\Users\welli\.vscode\extensions\redhat.java-1.54.0-win32-x64\jre\21.0.10-win32-x86_64\bin\zip.dll
Event: 0.475 Loaded shared library C:\Users\welli\.vscode\extensions\redhat.java-1.54.0-win32-x64\jre\21.0.10-win32-x86_64\bin\jimage.dll
Event: 0.673 Loaded shared library c:\Users\welli\.vscode\extensions\redhat.java-1.54.0-win32-x64\jre\21.0.10-win32-x86_64\bin\verify.dll

Deoptimization events (10 events):
Event: 0.457 Thread 0x00000239d9bfab80 DEOPT PACKING pc=0x00000239dce36e49 sp=0x0000009ba9afddc0
Event: 0.457 Thread 0x00000239d9bfab80 DEOPT UNPACKING pc=0x00000239e4384242 sp=0x0000009ba9afd230 mode 0
Event: 0.462 Thread 0x00000239d9bfab80 Uncommon trap: trap_request=0xffffffde fr.pc=0x00000239e48dd5a4 relative=0x0000000000000784
Event: 0.462 Thread 0x00000239d9bfab80 Uncommon trap: reason=class_check action=maybe_recompile pc=0x00000239e48dd5a4 method=java.util.HashMap.putVal(ILjava/lang/Object;Ljava/lang/Object;ZZ)Ljava/lang/Object; @ 152 c2
Event: 0.462 Thread 0x00000239d9bfab80 DEOPT PACKING pc=0x00000239e48dd5a4 sp=0x0000009ba9afe410
Event: 0.462 Thread 0x00000239d9bfab80 DEOPT UNPACKING pc=0x00000239e4383aa2 sp=0x0000009ba9afe370 mode 2
Event: 0.462 Thread 0x00000239d9bfab80 Uncommon trap: trap_request=0xffffffde fr.pc=0x00000239e48dd5a4 relative=0x0000000000000784
Event: 0.462 Thread 0x00000239d9bfab80 Uncommon trap: reason=class_check action=maybe_recompile pc=0x00000239e48dd5a4 method=java.util.HashMap.putVal(ILjava/lang/Object;Ljava/lang/Object;ZZ)Ljava/lang/Object; @ 152 c2
Event: 0.462 Thread 0x00000239d9bfab80 DEOPT PACKING pc=0x00000239e48dd5a4 sp=0x0000009ba9afe410
Event: 0.462 Thread 0x00000239d9bfab80 DEOPT UNPACKING pc=0x00000239e4383aa2 sp=0x0000009ba9afe370 mode 2

Classes loaded (20 events):
Event: 0.522 Loading class jdk/internal/foreign/MemorySessionImpl
Event: 0.522 Loading class java/lang/foreign/MemorySegment$Scope
Event: 0.523 Loading class java/lang/foreign/MemorySegment$Scope done
Event: 0.523 Loading class jdk/internal/foreign/MemorySessionImpl done
Event: 0.525 Loading class sun/invoke/util/ValueConversions$1
Event: 0.526 Loading class sun/invoke/util/ValueConversions$1 done
Event: 0.526 Loading class java/lang/invoke/BoundMethodHandle$Species_LI
Event: 0.526 Loading class java/lang/invoke/BoundMethodHandle$Species_LI done
Event: 0.686 Loading class java/lang/IllegalAccessException
Event: 0.686 Loading class java/lang/IllegalAccessException done
Event: 0.691 Loading class java/lang/IllegalStateException
Event: 0.691 Loading class java/lang/IllegalStateException done
Event: 0.697 Loading class java/lang/instrument/ClassFileTransformer
Event: 0.697 Loading class java/lang/instrument/ClassFileTransformer done
Event: 0.698 Loading class java/lang/UnsupportedOperationException
Event: 0.698 Loading class java/lang/UnsupportedOperationException done
Event: 0.711 Loading class java/lang/instrument/UnmodifiableClassException
Event: 0.711 Loading class java/lang/instrument/UnmodifiableClassException done
Event: 0.711 Loading class java/lang/instrument/ClassDefinition
Event: 0.711 Loading class java/lang/instrument/ClassDefinition done

Classes unloaded (0 events):
No events

Classes redefined (0 events):
No events

Internal exceptions (11 events):
Event: 0.263 Thread 0x00000239d9bfab80 Exception <a 'java/lang/NoSuchMethodError'{0x00000000d57a8ef0}: 'void java.lang.invoke.DirectMethodHandle$Holder.invokeStatic(java.lang.Object, java.lang.Object, java.lang.Object)'> (0x00000000d57a8ef0) 
thrown [s\src\hotspot\share\interpreter\linkResolver.cpp, line 773]
Event: 0.469 Thread 0x00000239d9bfab80 Exception <a 'java/lang/NoSuchMethodError'{0x00000000d5911b78}: 'java.lang.Object java.lang.invoke.Invokers$Holder.invokeExact_MT(java.lang.Object, java.lang.Object, java.lang.Object, java.lang.Object, java.lang.Object)'> (0x00000000d5911b78) 
thrown [s\src\hotspot\share\interpreter\linkResolver.cpp, line 773]
Event: 0.526 Thread 0x00000239d9bfab80 Exception <a 'java/lang/NoSuchMethodError'{0x00000000d59ca678}: 'int java.lang.invoke.DirectMethodHandle$Holder.invokeSpecial(java.lang.Object, java.lang.Object, java.lang.Object, int)'> (0x00000000d59ca678) 
thrown [s\src\hotspot\share\interpreter\linkResolver.cpp, line 773]
Event: 0.528 Thread 0x00000239d9bfab80 Exception <a 'java/lang/NoSuchMethodError'{0x00000000d59dd060}: 'java.lang.Object java.lang.invoke.DirectMethodHandle$Holder.invokeStatic(java.lang.Object, java.lang.Object, java.lang.Object, java.lang.Object, int)'> (0x00000000d59dd060) 
thrown [s\src\hotspot\share\interpreter\linkResolver.cpp, line 773]
Event: 0.530 Thread 0x00000239d9bfab80 Exception <a 'java/lang/NoSuchMethodError'{0x00000000d59e8508}: 'void java.lang.invoke.DelegatingMethodHandle$Holder.reinvoke_L(java.lang.Object, java.lang.Object, java.lang.Object, int, java.lang.Object)'> (0x00000000d59e8508) 
thrown [s\src\hotspot\share\interpreter\linkResolver.cpp, line 773]
Event: 0.533 Thread 0x00000239d9bfab80 Exception <a 'java/lang/NoSuchMethodError'{0x00000000d59f9000}: 'int java.lang.invoke.DirectMethodHandle$Holder.invokeSpecial(java.lang.Object, java.lang.Object, java.lang.Object)'> (0x00000000d59f9000) 
thrown [s\src\hotspot\share\interpreter\linkResolver.cpp, line 773]
Event: 0.535 Thread 0x00000239d9bfab80 Exception <a 'java/lang/NoSuchMethodError'{0x00000000d5a04cc0}: 'java.lang.Object java.lang.invoke.DirectMethodHandle$Holder.invokeStatic(java.lang.Object, java.lang.Object, int)'> (0x00000000d5a04cc0) 
thrown [s\src\hotspot\share\interpreter\linkResolver.cpp, line 773]
Event: 0.536 Thread 0x00000239d9bfab80 Exception <a 'java/lang/NoSuchMethodError'{0x00000000d5a09610}: 'void java.lang.invoke.DirectMethodHandle$Holder.invokeStatic(java.lang.Object, java.lang.Object, int, java.lang.Object)'> (0x00000000d5a09610) 
thrown [s\src\hotspot\share\interpreter\linkResolver.cpp, line 773]
Event: 0.536 Thread 0x00000239d9bfab80 Exception <a 'java/lang/NoSuchMethodError'{0x00000000d5a0d1a0}: 'void java.lang.invoke.DirectMethodHandle$Holder.invokeSpecial(java.lang.Object, java.lang.Object, java.lang.Object, int, java.lang.Object)'> (0x00000000d5a0d1a0) 
thrown [s\src\hotspot\share\interpreter\linkResolver.cpp, line 773]
Event: 0.537 Thread 0x00000239d9bfab80 Exception <a 'java/lang/NoSuchMethodError'{0x00000000d5a10610}: 'void java.lang.invoke.DelegatingMethodHandle$Holder.delegate(java.lang.Object, java.lang.Object, int, java.lang.Object)'> (0x00000000d5a10610) 
thrown [s\src\hotspot\share\interpreter\linkResolver.cpp, line 773]
Event: 0.713 Thread 0x00000239d9bfab80 Exception <a 'java/lang/NoSuchMethodError'{0x00000000d5bcf610}: 'void java.lang.invoke.DelegatingMethodHandle$Holder.reinvoke_L(java.lang.Object, java.lang.Object, java.lang.Object, int)'> (0x00000000d5bcf610) 
thrown [s\src\hotspot\share\interpreter\linkResolver.cpp, line 773]

ZGC Phase Switch (0 events):
No events

VM Operations (4 events):
Event: 0.266 Executing non-safepoint VM operation: HandshakeAllThreads (Deoptimize)
Event: 0.266 Executing non-safepoint VM operation: HandshakeAllThreads (Deoptimize) done
Event: 0.487 Executing non-safepoint VM operation: HandshakeAllThreads (Deoptimize)
Event: 0.487 Executing non-safepoint VM operation: HandshakeAllThreads (Deoptimize) done

Memory protections (0 events):
No events

Nmethod flushes (0 events):
No events

Events (10 events):
Event: 0.044 Thread 0x00000239d9bfab80 Thread added: 0x00000239d9bfab80
Event: 0.197 Thread 0x00000239d9bfab80 Thread added: 0x00000239f05e7510
Event: 0.197 Thread 0x00000239d9bfab80 Thread added: 0x00000239f05e9c60
Event: 0.197 Thread 0x00000239d9bfab80 Thread added: 0x00000239f05ee340
Event: 0.197 Thread 0x00000239d9bfab80 Thread added: 0x00000239f05f00e0
Event: 0.197 Thread 0x00000239d9bfab80 Thread added: 0x00000239f05f2dd0
Event: 0.197 Thread 0x00000239d9bfab80 Thread added: 0x00000239f05f3830
Event: 0.197 Thread 0x00000239d9bfab80 Thread added: 0x00000239f05f4670
Event: 0.219 Thread 0x00000239d9bfab80 Thread added: 0x00000239f0670450
Event: 0.367 Thread 0x00000239d9bfab80 Thread added: 0x00000239f1392380


Dynamic libraries:
0x00007ff6e8270000 - 0x00007ff6e827e000 	c:\Users\welli\.vscode\extensions\redhat.java-1.54.0-win32-x64\jre\21.0.10-win32-x86_64\bin\java.exe
0x00007ff841420000 - 0x00007ff841687000 	C:\WINDOWS\SYSTEM32\ntdll.dll
0x00007ff840750000 - 0x00007ff840819000 	C:\WINDOWS\System32\KERNEL32.DLL
0x00007ff83ea00000 - 0x00007ff83edf4000 	C:\WINDOWS\System32\KERNELBASE.dll
0x00007ff83e610000 - 0x00007ff83e75b000 	C:\WINDOWS\System32\ucrtbase.dll
0x00007ff8297b0000 - 0x00007ff8297c8000 	c:\Users\welli\.vscode\extensions\redhat.java-1.54.0-win32-x64\jre\21.0.10-win32-x86_64\bin\jli.dll
0x00007ff840820000 - 0x00007ff8409e5000 	C:\WINDOWS\System32\USER32.dll
0x00007ff83f180000 - 0x00007ff83f1a7000 	C:\WINDOWS\System32\win32u.dll
0x00007ff83f6e0000 - 0x00007ff83f70b000 	C:\WINDOWS\System32\GDI32.dll
0x00007ff83e760000 - 0x00007ff83e88b000 	C:\WINDOWS\System32\gdi32full.dll
0x00007ff83e950000 - 0x00007ff83e9f3000 	C:\WINDOWS\System32\msvcp_win.dll
0x00007ff829d90000 - 0x00007ff829dae000 	c:\Users\welli\.vscode\extensions\redhat.java-1.54.0-win32-x64\jre\21.0.10-win32-x86_64\bin\VCRUNTIME140.dll
0x00007ff83cef0000 - 0x00007ff83d183000 	C:\WINDOWS\WinSxS\amd64_microsoft.windows.common-controls_6595b64144ccf1df_6.0.26100.8115_none_3e075c82e3354f9c\COMCTL32.dll
0x00007ff83f870000 - 0x00007ff83f919000 	C:\WINDOWS\System32\msvcrt.dll
0x00007ff840690000 - 0x00007ff8406c2000 	C:\WINDOWS\System32\IMM32.DLL
0x00007ff82caf0000 - 0x00007ff82cafc000 	c:\Users\welli\.vscode\extensions\redhat.java-1.54.0-win32-x64\jre\21.0.10-win32-x86_64\bin\vcruntime140_1.dll
0x00007ff807180000 - 0x00007ff80720d000 	c:\Users\welli\.vscode\extensions\redhat.java-1.54.0-win32-x64\jre\21.0.10-win32-x86_64\bin\msvcp140.dll
0x00007fffb0ee0000 - 0x00007fffb1c81000 	c:\Users\welli\.vscode\extensions\redhat.java-1.54.0-win32-x64\jre\21.0.10-win32-x86_64\bin\server\jvm.dll
0x00007ff841310000 - 0x00007ff8413c6000 	C:\WINDOWS\System32\ADVAPI32.dll
0x00007ff83f490000 - 0x00007ff83f537000 	C:\WINDOWS\System32\sechost.dll
0x00007ff840ea0000 - 0x00007ff840fb8000 	C:\WINDOWS\System32\RPCRT4.dll
0x00007ff840e10000 - 0x00007ff840e90000 	C:\WINDOWS\System32\WS2_32.dll
0x00007ff83db70000 - 0x00007ff83dbce000 	C:\WINDOWS\SYSTEM32\POWRPROF.dll
0x00007ff836180000 - 0x00007ff8361b6000 	C:\WINDOWS\SYSTEM32\WINMM.dll
0x00007ff8361c0000 - 0x00007ff8361cb000 	C:\WINDOWS\SYSTEM32\VERSION.dll
0x00007ff83db50000 - 0x00007ff83db64000 	C:\WINDOWS\SYSTEM32\UMPDC.dll
0x00007ff83c360000 - 0x00007ff83c37b000 	C:\WINDOWS\SYSTEM32\kernel.appcore.dll
0x00007ff82a840000 - 0x00007ff82a84a000 	c:\Users\welli\.vscode\extensions\redhat.java-1.54.0-win32-x64\jre\21.0.10-win32-x86_64\bin\jimage.dll
0x00007ff83d4a0000 - 0x00007ff83d6e2000 	C:\WINDOWS\SYSTEM32\DBGHELP.DLL
0x00007ff8409f0000 - 0x00007ff840d72000 	C:\WINDOWS\System32\combase.dll
0x00007ff8400a0000 - 0x00007ff840178000 	C:\WINDOWS\System32\OLEAUT32.dll
0x00007ff830af0000 - 0x00007ff830b2b000 	C:\WINDOWS\SYSTEM32\dbgcore.DLL
0x00007ff83dcf0000 - 0x00007ff83dd95000 	C:\WINDOWS\System32\bcryptPrimitives.dll
0x00007ff8294f0000 - 0x00007ff8294ff000 	c:\Users\welli\.vscode\extensions\redhat.java-1.54.0-win32-x64\jre\21.0.10-win32-x86_64\bin\instrument.dll
0x00007ff829260000 - 0x00007ff829280000 	c:\Users\welli\.vscode\extensions\redhat.java-1.54.0-win32-x64\jre\21.0.10-win32-x86_64\bin\java.dll
0x00007ff83f930000 - 0x00007ff840097000 	C:\WINDOWS\System32\SHELL32.dll
0x00007ff83f010000 - 0x00007ff83f17a000 	C:\WINDOWS\System32\wintypes.dll
0x00007ff83dda0000 - 0x00007ff83e608000 	C:\WINDOWS\System32\windows.storage.dll
0x00007ff840ff0000 - 0x00007ff8410e8000 	C:\WINDOWS\System32\SHCORE.dll
0x00007ff83f720000 - 0x00007ff83f786000 	C:\WINDOWS\System32\shlwapi.dll
0x00007ff83dc10000 - 0x00007ff83dc39000 	C:\WINDOWS\SYSTEM32\profapi.dll
0x00007ff827330000 - 0x00007ff827348000 	c:\Users\welli\.vscode\extensions\redhat.java-1.54.0-win32-x64\jre\21.0.10-win32-x86_64\bin\zip.dll
0x00007ff829370000 - 0x00007ff829380000 	C:\Users\welli\.vscode\extensions\redhat.java-1.54.0-win32-x64\jre\21.0.10-win32-x86_64\bin\net.dll
0x00007ff8366c0000 - 0x00007ff8367ed000 	C:\WINDOWS\SYSTEM32\WINHTTP.dll
0x00007ff83c890000 - 0x00007ff83c8fc000 	C:\WINDOWS\system32\mswsock.dll
0x00007ff8250d0000 - 0x00007ff8250e6000 	C:\Users\welli\.vscode\extensions\redhat.java-1.54.0-win32-x64\jre\21.0.10-win32-x86_64\bin\nio.dll
0x00007ff826dc0000 - 0x00007ff826dd0000 	c:\Users\welli\.vscode\extensions\redhat.java-1.54.0-win32-x64\jre\21.0.10-win32-x86_64\bin\verify.dll

JVMTI agents:
c:\Users\welli\.vscode\extensions\redhat.java-1.54.0-win32-x64\lombok\lombok-1.18.39-4050.jar path:c:\Users\welli\.vscode\extensions\redhat.java-1.54.0-win32-x64\jre\21.0.10-win32-x86_64\bin\instrument.dll, loaded, initialized, instrumentlib options:none

dbghelp: loaded successfully - version: 4.0.5 - missing functions: none
symbol engine: initialized successfully - sym options: 0x614 - pdb path: .;c:\Users\welli\.vscode\extensions\redhat.java-1.54.0-win32-x64\jre\21.0.10-win32-x86_64\bin;C:\WINDOWS\SYSTEM32;C:\WINDOWS\WinSxS\amd64_microsoft.windows.common-controls_6595b64144ccf1df_6.0.26100.8115_none_3e075c82e3354f9c;c:\Users\welli\.vscode\extensions\redhat.java-1.54.0-win32-x64\jre\21.0.10-win32-x86_64\bin\server

VM Arguments:
jvm_args: --add-modules=ALL-SYSTEM --add-opens=java.base/java.util=ALL-UNNAMED --add-opens=java.base/java.lang=ALL-UNNAMED --add-opens=java.base/sun.nio.fs=ALL-UNNAMED -Declipse.application=org.eclipse.jdt.ls.core.id1 -Dosgi.bundles.defaultStartLevel=4 -Declipse.product=org.eclipse.jdt.ls.core.product -Djava.import.generatesMetadataFilesAtProjectRoot=false -DDetectVMInstallationsJob.disabled=true -Dfile.encoding=utf8 -XX:+UseParallelGC -XX:GCTimeRatio=4 -XX:AdaptiveSizePolicyWeight=90 -Dsun.zip.disableMemoryMapping=true -Xmx2G -Xms100m -Xlog:disable -javaagent:c:\Users\welli\.vscode\extensions\redhat.java-1.54.0-win32-x64\lombok\lombok-1.18.39-4050.jar -XX:+HeapDumpOnOutOfMemoryError -XX:HeapDumpPath=c:\Users\welli\AppData\Roaming\Code\User\workspaceStorage\cb6d659b9e166eab0c50a174156a1de8\redhat.java -Daether.dependencyCollector.impl=bf 
java_command: c:\Users\welli\.vscode\extensions\redhat.java-1.54.0-win32-x64\server\plugins\org.eclipse.equinox.launcher_1.7.100.v20251111-0406.jar -configuration c:\Users\welli\AppData\Roaming\Code\User\globalStorage\redhat.java\1.54.0\config_win -data c:\Users\welli\AppData\Roaming\Code\User\workspaceStorage\cb6d659b9e166eab0c50a174156a1de8\redhat.java\jdt_ws --pipe=\\.\pipe\lsp-64852537c8fae4d18842aa1284c4792b-sock
java_class_path (initial): c:\Users\welli\.vscode\extensions\redhat.java-1.54.0-win32-x64\server\plugins\org.eclipse.equinox.launcher_1.7.100.v20251111-0406.jar
Launcher Type: SUN_STANDARD

[Global flags]
    uintx AdaptiveSizePolicyWeight                 = 90                                        {product} {command line}
     intx CICompilerCount                          = 3                                         {product} {ergonomic}
    uintx GCTimeRatio                              = 4                                         {product} {command line}
     bool HeapDumpOnOutOfMemoryError               = true                                   {manageable} {command line}
    ccstr HeapDumpPath                             = c:\Users\welli\AppData\Roaming\Code\User\workspaceStorage\cb6d659b9e166eab0c50a174156a1de8\redhat.java         {manageable} {command line}
   size_t InitialHeapSize                          = 104857600                                 {product} {command line}
   size_t MaxHeapSize                              = 2147483648                                {product} {command line}
   size_t MaxNewSize                               = 715653120                                 {product} {ergonomic}
   size_t MinHeapDeltaBytes                        = 524288                                    {product} {ergonomic}
   size_t MinHeapSize                              = 104857600                                 {product} {command line}
   size_t NewSize                                  = 34603008                                  {product} {ergonomic}
    uintx NonNMethodCodeHeapSize                   = 5832780                                {pd product} {ergonomic}
    uintx NonProfiledCodeHeapSize                  = 122912730                              {pd product} {ergonomic}
   size_t OldSize                                  = 70254592                                  {product} {ergonomic}
    uintx ProfiledCodeHeapSize                     = 122912730                              {pd product} {ergonomic}
    uintx ReservedCodeCacheSize                    = 251658240                              {pd product} {ergonomic}
     bool SegmentedCodeCache                       = true                                      {product} {ergonomic}
   size_t SoftMaxHeapSize                          = 2147483648                             {manageable} {ergonomic}
     bool UseCompressedOops                        = true                           {product lp64_product} {ergonomic}
     bool UseLargePagesIndividualAllocation        = false                                  {pd product} {ergonomic}
     bool UseParallelGC                            = true                                      {product} {command line}

Logging:
Log output configuration:
 #0: stdout all=off uptime,level,tags foldmultilines=false
 #1: stderr all=off uptime,level,tags foldmultilines=false

Release file:
<release file has not been read>
Environment Variables:
PATH=C:\Users\welli\AppData\Local\Programs\Microsoft VS Code;C:\Program Files\Common Files\Oracle\Java\javapath;C:\WINDOWS\system32;C:\WINDOWS;C:\WINDOWS\System32\Wbem;C:\WINDOWS\System32\WindowsPowerShell\v1.0\;C:\WINDOWS\System32\OpenSSH\;C:\Users\welli\AppData\Local\Microsoft\WindowsApps;C:\Users\welli\AppData\Local\Programs\Microsoft VS Code\bin;C:\Users\welli\AppData\Local\JetBrains\Toolbox\scripts;
USERNAME=welli
OS=Windows_NT
PROCESSOR_IDENTIFIER=AMD64 Family 23 Model 24 Stepping 1, AuthenticAMD
TMP=C:\Users\welli\AppData\Local\Temp
TEMP=C:\Users\welli\AppData\Local\Temp




Periodic native trim disabled

---------------  S Y S T E M  ---------------

OS:
 Windows 11 , 64 bit Build 26100 (10.0.26100.8246)
OS uptime: 0 days 1:44 hours

CPU: total 4 (initial active 4) (4 cores per cpu, 1 threads per core) family 23 model 24 stepping 1 microcode 0x8108109, cx8, cmov, fxsr, mmx, 3dnowpref, sse, sse2, sse3, ssse3, sse4a, sse4.1, sse4.2, popcnt, lzcnt, tsc, tscinvbit, avx, avx2, aes, clmul, bmi1, bmi2, adx, sha, fma, vzeroupper, clflush, clflushopt, rdtscp, f16c
Processor Information for the first 4 processors :
  Max Mhz: 3600, Current Mhz: 3600, Mhz Limit: 3600

Memory: 4k page, system-wide physical 6084M (850M free)
TotalPageFile size 11460M (AvailPageFile size 4045M)
current process WorkingSet (physical memory assigned to process): 45M, peak: 45M
current process commit charge ("private bytes"): 211M, peak: 211M

vm_info: OpenJDK 64-Bit Server VM (21.0.10+7-LTS) for windows-amd64 JRE (21.0.10+7-LTS), built on 2026-01-20T00:00:00Z by "admin" with MS VC++ 17.12 (VS2022)

END.
