#
# A fatal error has been detected by the Java Runtime Environment:
#
#  EXCEPTION_ACCESS_VIOLATION (0xc0000005) at pc=0x00007ff8308c243a, pid=10664, tid=888
#
# JRE version: OpenJDK Runtime Environment Temurin-21.0.10+7 (21.0.10+7) (build 21.0.10+7-LTS)
# Java VM: OpenJDK 64-Bit Server VM Temurin-21.0.10+7 (21.0.10+7-LTS, mixed mode, sharing, tiered, compressed oops, compressed class ptrs, parallel gc, windows-amd64)
# Problematic frame:
# V  [jvm.dll+0x6a243a]
#
# No core dump will be written. Minidumps are not enabled by default on client versions of Windows
#
# If you would like to submit a bug report, please visit:
#   https://github.com/adoptium/adoptium-support/issues
#

---------------  S U M M A R Y ------------

Command Line: --add-modules=ALL-SYSTEM --add-opens=java.base/java.util=ALL-UNNAMED --add-opens=java.base/java.lang=ALL-UNNAMED --add-opens=java.base/sun.nio.fs=ALL-UNNAMED -Declipse.application=org.eclipse.jdt.ls.core.id1 -Dosgi.bundles.defaultStartLevel=4 -Declipse.product=org.eclipse.jdt.ls.core.product -Djava.import.generatesMetadataFilesAtProjectRoot=false -DDetectVMInstallationsJob.disabled=true -Dfile.encoding=utf8 -XX:+UseParallelGC -XX:GCTimeRatio=4 -XX:AdaptiveSizePolicyWeight=90 -Dsun.zip.disableMemoryMapping=true -Xmx2G -Xms100m -Xlog:disable -javaagent:c:\Users\welli\.vscode\extensions\redhat.java-1.54.0-win32-x64\lombok\lombok-1.18.39-4050.jar -XX:+HeapDumpOnOutOfMemoryError -XX:HeapDumpPath=c:\Users\welli\AppData\Roaming\Code\User\workspaceStorage\cb6d659b9e166eab0c50a174156a1de8\redhat.java -Daether.dependencyCollector.impl=bf c:\Users\welli\.vscode\extensions\redhat.java-1.54.0-win32-x64\server\plugins\org.eclipse.equinox.launcher_1.7.100.v20251111-0406.jar -configuration c:\Users\welli\AppData\Roaming\Code\User\globalStorage\redhat.java\1.54.0\config_win -data c:\Users\welli\AppData\Roaming\Code\User\workspaceStorage\cb6d659b9e166eab0c50a174156a1de8\redhat.java\jdt_ws --pipe=\\.\pipe\lsp-a65c25cc20bb8c5f949c84cb7dabfcc3-sock

Host: AMD Ryzen 3 3200G with Radeon Vega Graphics    , 4 cores, 5G,  Windows 11 , 64 bit Build 26100 (10.0.26100.8246)
Time: Mon Apr 20 15:49:22 2026 Hora Padr緌 de Buenos Aires elapsed time: 13.463367 seconds (0d 0h 0m 13s)

---------------  T H R E A D  ---------------

Current thread (0x000002ebd10f6870):  JavaThread "C2 CompilerThread0" daemon [_thread_in_native, id=888, stack(0x000000ffc2500000,0x000000ffc2600000) (1024K)]


Current CompileTask:
C2:13463 8336       4       org.eclipse.jdt.internal.compiler.util.JrtFileSystem$2::visitFile (72 bytes)

Stack: [0x000000ffc2500000,0x000000ffc2600000],  sp=0x000000ffc25fbee8,  free space=1007k
Native frames: (J=compiled Java code, j=interpreted, Vv=VM code, C=native code)
V  [jvm.dll+0x6a243a]


siginfo: EXCEPTION_ACCESS_VIOLATION (0xc0000005), reading address 0x00000000000000b0


Registers:
RAX=0x0000000000000000, RBX=0x000002ebe89dab80, RCX=0x000002ebe89da2a8, RDX=0x0000000000004000
RSP=0x000000ffc25fbee8, RBP=0x000000ffc25fc280, RSI=0x000002ebe89db608, RDI=0x000002ebee0c27e8
R8 =0x0000000000000040, R9 =0x0000000000000000, R10=0x0000000000000029, R11=0x00007ff89b6f1a37
R12=0x0000000000000001, R13=0x000000ffc25fbf80, R14=0x0000000000000002, R15=0x000000ffc25fbfa0
RIP=0x00007ff8308c243a, EFLAGS=0x0000000000010202

XMM[0]=0x0000000000000000 0x0000000000000000
XMM[1]=0xfdfef7fffffeffff 0xffff7ffffff7ffff
XMM[2]=0x0000000000000000 0x0000000000000000
XMM[3]=0x0000000000000000 0x0000000000000000
XMM[4]=0x0000000000000000 0x0000000000000000
XMM[5]=0x0000000000000000 0x00000fffbfffffff
XMM[6]=0x0000000000000000 0x0000000000000000
XMM[7]=0x0000000000000000 0x0000000000000000
XMM[8]=0x0000000000000000 0x0000000000000000
XMM[9]=0x0000000000000000 0x0000000000000000
XMM[10]=0x0000000000000000 0x0000000000000000
XMM[11]=0x0000000000000000 0x0000000000000000
XMM[12]=0x0000000000000000 0x0000000000000000
XMM[13]=0x0000000000000000 0x0000000000000000
XMM[14]=0x0000000000000000 0x0000000000000000
XMM[15]=0x0000000000000000 0x0000000000000000
  MXCSR=0x00001fa0


Register to memory mapping:

RAX=0x0 is null
RBX=0x000002ebe89dab80 points into unknown readable memory: 0x00007ff830c13620 | 20 36 c1 30 f8 7f 00 00
RCX=0x000002ebe89da2a8 points into unknown readable memory: 0x0000000000000000 | 00 00 00 00 00 00 00 00
RDX=0x0000000000004000 is an unknown value
RSP=0x000000ffc25fbee8 is pointing into the stack for thread: 0x000002ebd10f6870
RBP=0x000000ffc25fc280 is pointing into the stack for thread: 0x000002ebd10f6870
RSI=0x000002ebe89db608 points into unknown readable memory: 0x00007ff830c133a8 | a8 33 c1 30 f8 7f 00 00
RDI=0x000002ebee0c27e8 points into unknown readable memory: 0x0000000000000000 | 00 00 00 00 00 00 00 00
R8 =0x0000000000000040 is an unknown value
R9 =0x0 is null
R10=0x0000000000000029 is an unknown value
R11=0x00007ff89b6f1a37 VCRUNTIME140.dll
R12=0x0000000000000001 is an unknown value
R13=0x000000ffc25fbf80 is pointing into the stack for thread: 0x000002ebd10f6870
R14=0x0000000000000002 is an unknown value
R15=0x000000ffc25fbfa0 is pointing into the stack for thread: 0x000002ebd10f6870

Top of Stack: (sp=0x000000ffc25fbee8)
0x000000ffc25fbee8:   00007ff83081f623 000002ebe89ddfb8
0x000000ffc25fbef8:   000000ffc25fbfc0 0000000000000003
0x000000ffc25fbf08:   00007ff830abe59e 0000000000000000
0x000000ffc25fbf18:   0000000000000000 000000ffc25fc280
0x000000ffc25fbf28:   0000000000000001 000002ebd11e5900
0x000000ffc25fbf38:   000002ebd10f8400 000000ffc25fc050
0x000000ffc25fbf48:   00007ff83081ea56 0000000000000000
0x000000ffc25fbf58:   000000ffc25fbfa0 000002eb00000002
0x000000ffc25fbf68:   000000ffc25fbfc0 0000000000000000
0x000000ffc25fbf78:   00007ff800000000 000002ebd10de6f0
0x000000ffc25fbf88:   00007ff800000200 000002ebee2010f0
0x000000ffc25fbf98:   000002eb000001ac 0000000000000200
0x000000ffc25fbfa8:   000002ebee2020f0 0000000000000200
0x000000ffc25fbfb8:   000002ebd10de6f0 000002ebef1f7380
0x000000ffc25fbfc8:   000002ebef205db0 000002ebef1f7390
0x000000ffc25fbfd8:   000002ebd10de6f0 000002ebd10de6f0
0x000000ffc25fbfe8:   00007ff800000004 000002ebf0507140
0x000000ffc25fbff8:   000002eb00000000 000002ebf0f52b00
0x000000ffc25fc008:   000002ebd10f8460 0000000000001002
0x000000ffc25fc018:   0000000000000000 00000000f90107ff
0x000000ffc25fc028:   0000000000000003 000000ffc25fc590
0x000000ffc25fc038:   000002ebf12d89c8 0000000000000000
0x000000ffc25fc048:   00007ff83091fdd6 0000000000000001
0x000000ffc25fc058:   000000ffc25fc590 000002ebd10f8460
0x000000ffc25fc068:   0000000000000003 000002ebf0f46370
0x000000ffc25fc078:   000002ebf0f46580 000002ebf0f46380
0x000000ffc25fc088:   000002ebd10de6f0 0000000000000000
0x000000ffc25fc098:   000002ebcedb0000 0000000000000000
0x000000ffc25fc0a8:   0000000000000000 000002ebef26f9d0
0x000000ffc25fc0b8:   00007ff8b8dbb1bf 000002ebcedb0000
0x000000ffc25fc0c8:   000002ebef26f9d0 0000000000000000
0x000000ffc25fc0d8:   000002ebef26f9c0 000002eb00000000 

Instructions: (pc=0x00007ff8308c243a)
0x00007ff8308c233a:   cc cc cc cc cc cc 48 89 5c 24 08 48 89 74 24 10
0x00007ff8308c234a:   57 48 83 ec 20 8b f2 48 8b d9 33 ff 48 8b cb e8
0x00007ff8308c235a:   f2 20 01 00 48 8b d8 48 85 c0 74 20 8b 40 2c 48
0x00007ff8308c236a:   8b cb 83 e0 1f 3c 1f 74 25 48 8b 03 ff 10 3d 1d
0x00007ff8308c237a:   01 00 00 75 07 ff c7 83 ff 0a 7c d0 33 c0 48 8b
0x00007ff8308c238a:   5c 24 30 48 8b 74 24 38 48 83 c4 20 5f c3 e8 d3
0x00007ff8308c239a:   1b b3 ff 85 c0 74 e5 79 0a f7 d0 c1 f8 03 83 e0
0x00007ff8308c23aa:   1f eb 05 b8 09 00 00 00 3b c6 74 04 85 f6 75 cc
0x00007ff8308c23ba:   48 8b 74 24 38 48 8b c3 48 8b 5c 24 30 48 83 c4
0x00007ff8308c23ca:   20 5f c3 cc cc cc 48 8b ca e9 48 f3 00 00 cc cc
0x00007ff8308c23da:   cc cc cc cc cc cc 48 8b 41 08 41 b8 01 00 00 00
0x00007ff8308c23ea:   44 2b 41 38 48 8b 08 48 8b 41 10 8b 49 20 4c 8d
0x00007ff8308c23fa:   0c c8 49 3b c1 73 1d 48 8b 10 8b 4a 2c 80 e1 0f
0x00007ff8308c240a:   80 f9 08 75 06 44 39 42 38 74 0c 48 83 c0 08 49
0x00007ff8308c241a:   3b c1 72 e3 33 c0 c3 48 8b c2 c3 cc cc cc cc cc
0x00007ff8308c242a:   cc cc cc cc cc cc 48 8b 41 08 48 8b 08 48 8b 01
0x00007ff8308c243a:   48 ff a0 b0 00 00 00 cc cc cc cc cc cc cc cc cc
0x00007ff8308c244a:   cc cc cc cc cc cc 48 8b 41 10 8b 49 20 4c 8d 0c
0x00007ff8308c245a:   c8 49 3b c1 73 1e 4c 8b 00 41 8b 48 2c 80 e1 0f
0x00007ff8308c246a:   80 f9 08 75 06 41 39 50 38 74 0c 48 83 c0 08 49
0x00007ff8308c247a:   3b c1 72 e2 33 c0 c3 49 8b c0 c3 cc cc cc cc cc
0x00007ff8308c248a:   cc cc cc cc cc cc 4c 8b 49 10 8b 41 20 4d 8d 14
0x00007ff8308c249a:   c1 4d 3b ca 73 27 49 8b 01 8b 48 2c 80 e1 0f 80
0x00007ff8308c24aa:   f9 08 75 10 48 85 c0 74 0b 39 50 38 75 06 44 38
0x00007ff8308c24ba:   40 3c 74 0b 49 83 c1 08 4d 3b ca 72 d9 33 c0 c3
0x00007ff8308c24ca:   cc cc cc cc cc cc 48 83 ec 28 48 8b 05 7d fd 63
0x00007ff8308c24da:   00 4c 8b c1 48 3b d0 74 6a 48 8b 05 36 fd 63 00
0x00007ff8308c24ea:   48 3b d0 74 5e 8b 49 38 48 8b 42 20 48 89 5c 24
0x00007ff8308c24fa:   20 48 8b 1c c8 83 f9 05 75 41 49 8b 40 08 48 8b
0x00007ff8308c250a:   08 8b 41 2c 83 e0 1f 3c 1f 75 30 e8 a6 d1 b2 ff
0x00007ff8308c251a:   84 c0 74 27 48 8b 15 73 00 64 00 41 b0 01 48 8b
0x00007ff8308c252a:   4b 08 48 8b 52 08 e8 6b 3f 1d 00 48 8b 48 08 48 


Stack slot to memory mapping:

stack at sp + 0 slots: 0x00007ff83081f623 jvm.dll
stack at sp + 1 slots: 0x000002ebe89ddfb8 points into unknown readable memory: 0x00007ff830c3bc48 | 48 bc c3 30 f8 7f 00 00
stack at sp + 2 slots: 0x000000ffc25fbfc0 is pointing into the stack for thread: 0x000002ebd10f6870
stack at sp + 3 slots: 0x0000000000000003 is an unknown value
stack at sp + 4 slots: 0x00007ff830abe59e jvm.dll
stack at sp + 5 slots: 0x0 is null
stack at sp + 6 slots: 0x0 is null
stack at sp + 7 slots: 0x000000ffc25fc280 is pointing into the stack for thread: 0x000002ebd10f6870


---------------  P R O C E S S  ---------------

Threads class SMR info:
_java_thread_list=0x000002ebf00c0b30, length=37, elements={
0x000002ebd11eab30, 0x000002ebd10d84c0, 0x000002ebd10da7f0, 0x000002ebd10df980,
0x000002ebd10e05e0, 0x000002ebd10e6af0, 0x000002ebd10ec860, 0x000002ebd10f6870,
0x000002ebd10fb230, 0x000002ebe88895e0, 0x000002ebe8a07740, 0x000002ebed5c5b50,
0x000002ebed6658f0, 0x000002ebed663820, 0x000002ebed663eb0, 0x000002ebed665f80,
0x000002ebed665260, 0x000002ebed664540, 0x000002ebed666610, 0x000002ebed664bd0,
0x000002ebd116d530, 0x000002ebd116e8e0, 0x000002ebd116e250, 0x000002ebd1170320,
0x000002ebd116dbc0, 0x000002ebd116cea0, 0x000002ebd1171040, 0x000002ebd11709b0,
0x000002ebd11716d0, 0x000002ebd1171d60, 0x000002ebd11723f0, 0x000002ebd116f600,
0x000002ebd116fc90, 0x000002ebd116ef70, 0x000002ebd1172a80, 0x000002ebefc14240,
0x000002ebd1173e30
}

Java Threads: ( => current thread )
  0x000002ebd11eab30 JavaThread "main"                              [_thread_blocked, id=6072, stack(0x000000ffc1b00000,0x000000ffc1c00000) (1024K)]
  0x000002ebd10d84c0 JavaThread "Reference Handler"          daemon [_thread_blocked, id=5536, stack(0x000000ffc1f00000,0x000000ffc2000000) (1024K)]
  0x000002ebd10da7f0 JavaThread "Finalizer"                  daemon [_thread_blocked, id=2160, stack(0x000000ffc2000000,0x000000ffc2100000) (1024K)]
  0x000002ebd10df980 JavaThread "Signal Dispatcher"          daemon [_thread_blocked, id=5224, stack(0x000000ffc2100000,0x000000ffc2200000) (1024K)]
  0x000002ebd10e05e0 JavaThread "Attach Listener"            daemon [_thread_blocked, id=2100, stack(0x000000ffc2200000,0x000000ffc2300000) (1024K)]
  0x000002ebd10e6af0 JavaThread "Service Thread"             daemon [_thread_blocked, id=3596, stack(0x000000ffc2300000,0x000000ffc2400000) (1024K)]
  0x000002ebd10ec860 JavaThread "Monitor Deflation Thread"   daemon [_thread_blocked, id=7704, stack(0x000000ffc2400000,0x000000ffc2500000) (1024K)]
=>0x000002ebd10f6870 JavaThread "C2 CompilerThread0"         daemon [_thread_in_native, id=888, stack(0x000000ffc2500000,0x000000ffc2600000) (1024K)]
  0x000002ebd10fb230 JavaThread "C1 CompilerThread0"         daemon [_thread_blocked, id=6860, stack(0x000000ffc2600000,0x000000ffc2700000) (1024K)]
  0x000002ebe88895e0 JavaThread "Common-Cleaner"             daemon [_thread_blocked, id=8860, stack(0x000000ffc2700000,0x000000ffc2800000) (1024K)]
  0x000002ebe8a07740 JavaThread "Notification Thread"        daemon [_thread_blocked, id=6668, stack(0x000000ffc2800000,0x000000ffc2900000) (1024K)]
  0x000002ebed5c5b50 JavaThread "Active Thread: Equinox Container: 0ee53aec-cdcc-4d09-aae2-a3a66824e808"        [_thread_blocked, id=3524, stack(0x000000ffc2d00000,0x000000ffc2e00000) (1024K)]
  0x000002ebed6658f0 JavaThread "Refresh Thread: Equinox Container: 0ee53aec-cdcc-4d09-aae2-a3a66824e808" daemon [_thread_blocked, id=6256, stack(0x000000ffc2e00000,0x000000ffc2f00000) (1024K)]
  0x000002ebed663820 JavaThread "Framework Event Dispatcher: Equinox Container: 0ee53aec-cdcc-4d09-aae2-a3a66824e808" daemon [_thread_blocked, id=5408, stack(0x000000ffc2f00000,0x000000ffc3000000) (1024K)]
  0x000002ebed663eb0 JavaThread "Start Level: Equinox Container: 0ee53aec-cdcc-4d09-aae2-a3a66824e808" daemon [_thread_blocked, id=13148, stack(0x000000ffc3000000,0x000000ffc3100000) (1024K)]
  0x000002ebed665f80 JavaThread "Bundle File Closer"         daemon [_thread_blocked, id=11324, stack(0x000000ffc3100000,0x000000ffc3200000) (1024K)]
  0x000002ebed665260 JavaThread "SCR Component Actor"        daemon [_thread_blocked, id=8436, stack(0x000000ffc2900000,0x000000ffc2a00000) (1024K)]
  0x000002ebed664540 JavaThread "Worker-JM"                         [_thread_blocked, id=4400, stack(0x000000ffc3300000,0x000000ffc3400000) (1024K)]
  0x000002ebed666610 JavaThread "JNA Cleaner"                daemon [_thread_blocked, id=1044, stack(0x000000ffc3400000,0x000000ffc3500000) (1024K)]
  0x000002ebed664bd0 JavaThread "Worker-0: Check JDK Index"         [_thread_blocked, id=6656, stack(0x000000ffc3200000,0x000000ffc3300000) (1024K)]
  0x000002ebd116d530 JavaThread "Worker-1: Initialize Workspace"        [_thread_blocked, id=2644, stack(0x000000ffc3500000,0x000000ffc3600000) (1024K)]
  0x000002ebd116e8e0 JavaThread "Java indexing"              daemon [_thread_blocked, id=9328, stack(0x000000ffc3700000,0x000000ffc3800000) (1024K)]
  0x000002ebd116e250 JavaThread "Worker-2: Initialize workspace"        [_thread_in_Java, id=7700, stack(0x000000ffc3a00000,0x000000ffc3b00000) (1024K)]
  0x000002ebd1170320 JavaThread "Worker-3"                          [_thread_blocked, id=10420, stack(0x000000ffc3b00000,0x000000ffc3c00000) (1024K)]
  0x000002ebd116dbc0 JavaThread "Thread-1"                   daemon [_thread_in_native, id=9852, stack(0x000000ffc3c00000,0x000000ffc3d00000) (1024K)]
  0x000002ebd116cea0 JavaThread "Thread-2"                   daemon [_thread_in_native, id=1596, stack(0x000000ffc3d00000,0x000000ffc3e00000) (1024K)]
  0x000002ebd1171040 JavaThread "Thread-3"                   daemon [_thread_in_native, id=7664, stack(0x000000ffc3e00000,0x000000ffc3f00000) (1024K)]
  0x000002ebd11709b0 JavaThread "Thread-4"                   daemon [_thread_in_native, id=5500, stack(0x000000ffc3f00000,0x000000ffc4000000) (1024K)]
  0x000002ebd11716d0 JavaThread "Thread-5"                   daemon [_thread_in_native, id=5028, stack(0x000000ffc4000000,0x000000ffc4100000) (1024K)]
  0x000002ebd1171d60 JavaThread "pool-2-thread-1"                   [_thread_blocked, id=1684, stack(0x000000ffc4100000,0x000000ffc4200000) (1024K)]
  0x000002ebd11723f0 JavaThread "WorkspaceEventsHandler"            [_thread_blocked, id=7904, stack(0x000000ffc4200000,0x000000ffc4300000) (1024K)]
  0x000002ebd116f600 JavaThread "pool-1-thread-1"                   [_thread_blocked, id=10924, stack(0x000000ffc4300000,0x000000ffc4400000) (1024K)]
  0x000002ebd116fc90 JavaThread "ForkJoinPool.commonPool-worker-1" daemon [_thread_blocked, id=912, stack(0x000000ffc4400000,0x000000ffc4500000) (1024K)]
  0x000002ebd116ef70 JavaThread "ForkJoinPool.commonPool-worker-2" daemon [_thread_blocked, id=10788, stack(0x000000ffc4500000,0x000000ffc4600000) (1024K)]
  0x000002ebd1172a80 JavaThread "ForkJoinPool.commonPool-worker-3" daemon [_thread_in_vm, id=7864, stack(0x000000ffc4600000,0x000000ffc4700000) (1024K)]
  0x000002ebefc14240 JavaThread "C2 CompilerThread1"         daemon [_thread_in_native, id=5804, stack(0x000000ffc3600000,0x000000ffc3700000) (1024K)]
  0x000002ebd1173e30 JavaThread "Worker-4: Send Classpath Notifications"        [_thread_in_Java, id=10192, stack(0x000000ffc4700000,0x000000ffc4800000) (1024K)]
Total: 37

Other Threads:
  0x000002ebd12ad570 VMThread "VM Thread"                           [id=8792, stack(0x000000ffc1e00000,0x000000ffc1f00000) (1024K)]
  0x000002ebd107ca00 WatcherThread "VM Periodic Task Thread"        [id=4820, stack(0x000000ffc1d00000,0x000000ffc1e00000) (1024K)]
  0x000002ebd120a190 WorkerThread "GC Thread#0"                     [id=4144, stack(0x000000ffc1c00000,0x000000ffc1d00000) (1024K)]
  0x000002ebed299ea0 WorkerThread "GC Thread#1"                     [id=9444, stack(0x000000ffc2a00000,0x000000ffc2b00000) (1024K)]
  0x000002ebed29a250 WorkerThread "GC Thread#2"                     [id=3332, stack(0x000000ffc2b00000,0x000000ffc2c00000) (1024K)]
  0x000002ebed29a600 WorkerThread "GC Thread#3"                     [id=1080, stack(0x000000ffc2c00000,0x000000ffc2d00000) (1024K)]
Total: 6

Threads with active compile tasks:
C2 CompilerThread0  13510 8336       4       org.eclipse.jdt.internal.compiler.util.JrtFileSystem$2::visitFile (72 bytes)
C2 CompilerThread1  13510 8337       4       org.eclipse.jdt.internal.core.JrtPackageFragmentRoot$1::visitFile (14 bytes)
Total: 2

VM state: not at safepoint (normal execution)

VM Mutex/Monitor currently owned by a thread: None

Heap address: 0x0000000080000000, size: 2048 MB, Compressed Oops mode: 32-bit

CDS archive(s) mapped at: [0x000002eb80000000-0x000002eb80ba0000-0x000002eb80ba0000), size 12189696, SharedBaseAddress: 0x000002eb80000000, ArchiveRelocationMode: 1.
Compressed class space mapped at: 0x000002eb81000000-0x000002ebc1000000, reserved size: 1073741824
Narrow klass base: 0x000002eb80000000, Narrow klass shift: 0, Narrow klass range: 0x100000000

GC Precious Log:
 CardTable entry size: 512
 CPUs: 4 total, 4 available
 Memory: 6084M
 Large Page Support: Disabled
 NUMA Support: Disabled
 Compressed Oops: Enabled (32-bit)
 Alignments: Space 512K, Generation 512K, Heap 2M
 Heap Min Capacity: 100M
 Heap Initial Capacity: 100M
 Heap Max Capacity: 2G
 Pre-touch: Disabled
 Parallel Workers: 4

Heap:
 PSYoungGen      total 18944K, used 18602K [0x00000000d5580000, 0x00000000d6a80000, 0x0000000100000000)
  eden space 17408K, 98% used [0x00000000d5580000,0x00000000d6632890,0x00000000d6680000)
  from space 1536K, 97% used [0x00000000d6900000,0x00000000d6a78010,0x00000000d6a80000)
  to   space 1536K, 0% used [0x00000000d6780000,0x00000000d6780000,0x00000000d6900000)
 ParOldGen       total 68608K, used 49140K [0x0000000080000000, 0x0000000084300000, 0x00000000d5580000)
  object space 68608K, 71% used [0x0000000080000000,0x0000000082ffd180,0x0000000084300000)
 Metaspace       used 58400K, committed 59840K, reserved 1114112K
  class space    used 6300K, committed 6976K, reserved 1048576K

Card table byte_map: [0x000002ebd0b90000,0x000002ebd0fa0000] _byte_map_base: 0x000002ebd0790000

Marking Bits: (ParMarkBitMap*) 0x00007ff830ee3450
 Begin Bits: [0x000002ebe36a0000, 0x000002ebe56a0000)
 End Bits:   [0x000002ebe56a0000, 0x000002ebe76a0000)

Polling page: 0x000002ebced80000

Metaspace:

Usage:
  Non-class:     50.88 MB used.
      Class:      6.15 MB used.
       Both:     57.03 MB used.

Virtual space:
  Non-class space:       64.00 MB reserved,      51.62 MB ( 81%) committed,  1 nodes.
      Class space:        1.00 GB reserved,       6.81 MB ( <1%) committed,  1 nodes.
             Both:        1.06 GB reserved,      58.44 MB (  5%) committed. 

Chunk freelists:
   Non-Class:  11.50 MB
       Class:  9.03 MB
        Both:  20.53 MB

MaxMetaspaceSize: unlimited
CompressedClassSpaceSize: 1.00 GB
Initial GC threshold: 21.00 MB
Current GC threshold: 97.31 MB
CDS: on
 - commit_granule_bytes: 65536.
 - commit_granule_words: 8192.
 - virtual_space_node_default_size: 8388608.
 - enlarge_chunks_in_place: 1.
 - use_allocation_guard: 0.


Internal statistics:

num_allocs_failed_limit: 9.
num_arena_births: 1096.
num_arena_deaths: 14.
num_vsnodes_births: 2.
num_vsnodes_deaths: 0.
num_space_committed: 935.
num_space_uncommitted: 0.
num_chunks_returned_to_freelist: 23.
num_chunks_taken_from_freelist: 3777.
num_chunk_merges: 11.
num_chunk_splits: 2376.
num_chunks_enlarged: 1381.
num_inconsistent_stats: 0.

CodeHeap 'non-profiled nmethods': size=120000Kb used=4492Kb max_used=4492Kb free=115507Kb
 bounds [0x000002ebdbec0000, 0x000002ebdc330000, 0x000002ebe33f0000]
CodeHeap 'profiled nmethods': size=120000Kb used=15897Kb max_used=16578Kb free=104102Kb
 bounds [0x000002ebd43f0000, 0x000002ebd5430000, 0x000002ebdb920000]
CodeHeap 'non-nmethods': size=5760Kb used=1414Kb max_used=1454Kb free=4345Kb
 bounds [0x000002ebdb920000, 0x000002ebdbb90000, 0x000002ebdbec0000]
CodeCache: size=245760Kb, used=21803Kb, max_used=22524Kb, free=223954Kb
 total_blobs=8394, nmethods=7669, adapters=631, full_count=0
Compilation: enabled, stopped_count=0, restarted_count=0

Compilation events (20 events):
Event: 13.430 Thread 0x000002ebd10fb230 8450   !   2       sun.nio.ch.NativeThreadSet::remove (90 bytes)
Event: 13.430 Thread 0x000002ebd10fb230 nmethod 8450 0x000002ebd4cb3490 code [0x000002ebd4cb3640, 0x000002ebd4cb38a0]
Event: 13.431 Thread 0x000002ebd10fb230 8451       2       java.util.Spliterators$IteratorSpliterator::forEachRemaining (58 bytes)
Event: 13.432 Thread 0x000002ebd10fb230 nmethod 8451 0x000002ebd4c07d90 code [0x000002ebd4c07f60, 0x000002ebd4c08200]
Event: 13.432 Thread 0x000002ebd10fb230 8452       1       org.apache.maven.model.Developer::getId (5 bytes)
Event: 13.432 Thread 0x000002ebd10fb230 nmethod 8452 0x000002ebdc084310 code [0x000002ebdc0844a0, 0x000002ebdc084568]
Event: 13.432 Thread 0x000002ebd10fb230 8453       1       org.apache.maven.model.BuildBase::getFinalName (5 bytes)
Event: 13.432 Thread 0x000002ebd10fb230 nmethod 8453 0x000002ebdc083d90 code [0x000002ebdc083f20, 0x000002ebdc083fe8]
Event: 13.433 Thread 0x000002ebd10fb230 8454       2       java.lang.Class::enumConstantDirectory (107 bytes)
Event: 13.433 Thread 0x000002ebd10fb230 nmethod 8454 0x000002ebd4578c10 code [0x000002ebd4578e40, 0x000002ebd4579370]
Event: 13.434 Thread 0x000002ebd10fb230 8455       1       org.eclipse.aether.resolution.ArtifactRequest::getArtifact (5 bytes)
Event: 13.434 Thread 0x000002ebd10fb230 nmethod 8455 0x000002ebdbf7b890 code [0x000002ebdbf7ba20, 0x000002ebdbf7bae8]
Event: 13.434 Thread 0x000002ebd10fb230 8456       1       org.eclipse.aether.artifact.DefaultArtifact::getProperties (5 bytes)
Event: 13.435 Thread 0x000002ebd10fb230 nmethod 8456 0x000002ebdbf7b590 code [0x000002ebdbf7b720, 0x000002ebdbf7b7e8]
Event: 13.435 Thread 0x000002ebd10fb230 8457       1       org.eclipse.aether.repository.LocalArtifactResult::isAvailable (5 bytes)
Event: 13.435 Thread 0x000002ebd10fb230 nmethod 8457 0x000002ebdbf7b290 code [0x000002ebdbf7b420, 0x000002ebdbf7b4f0]
Event: 13.436 Thread 0x000002ebd10fb230 8458       1       org.apache.maven.model.PluginContainer::setPlugins (6 bytes)
Event: 13.437 Thread 0x000002ebd10fb230 nmethod 8458 0x000002ebdbf7af90 code [0x000002ebdbf7b120, 0x000002ebdbf7b200]
Event: 13.439 Thread 0x000002ebd10fb230 8459       2       java.text.MessageFormat::applyPattern (422 bytes)
Event: 13.441 Thread 0x000002ebd10fb230 nmethod 8459 0x000002ebd49d4190 code [0x000002ebd49d4460, 0x000002ebd49d55f8]

GC Heap History (20 events):
Event: 11.274 GC heap before
{Heap before GC invocations=32 (full 2):
 PSYoungGen      total 19968K, used 19450K [0x00000000d5580000, 0x00000000d6b00000, 0x0000000100000000)
  eden space 17920K, 100% used [0x00000000d5580000,0x00000000d6700000,0x00000000d6700000)
  from space 2048K, 74% used [0x00000000d6700000,0x00000000d687e810,0x00000000d6900000)
  to   space 2048K, 0% used [0x00000000d6900000,0x00000000d6900000,0x00000000d6b00000)
 ParOldGen       total 68608K, used 44389K [0x0000000080000000, 0x0000000084300000, 0x00000000d5580000)
  object space 68608K, 64% used [0x0000000080000000,0x0000000082b59738,0x0000000084300000)
 Metaspace       used 51177K, committed 52544K, reserved 1114112K
  class space    used 5623K, committed 6208K, reserved 1048576K
}
Event: 11.276 GC heap after
{Heap after GC invocations=32 (full 2):
 PSYoungGen      total 18432K, used 504K [0x00000000d5580000, 0x00000000d6980000, 0x0000000100000000)
  eden space 17920K, 0% used [0x00000000d5580000,0x00000000d5580000,0x00000000d6700000)
  from space 512K, 98% used [0x00000000d6900000,0x00000000d697e2f8,0x00000000d6980000)
  to   space 1024K, 0% used [0x00000000d6780000,0x00000000d6780000,0x00000000d6880000)
 ParOldGen       total 68608K, used 45653K [0x0000000080000000, 0x0000000084300000, 0x00000000d5580000)
  object space 68608K, 66% used [0x0000000080000000,0x0000000082c95770,0x0000000084300000)
 Metaspace       used 51177K, committed 52544K, reserved 1114112K
  class space    used 5623K, committed 6208K, reserved 1048576K
}
Event: 11.686 GC heap before
{Heap before GC invocations=33 (full 2):
 PSYoungGen      total 18432K, used 18421K [0x00000000d5580000, 0x00000000d6980000, 0x0000000100000000)
  eden space 17920K, 99% used [0x00000000d5580000,0x00000000d66ff1d8,0x00000000d6700000)
  from space 512K, 98% used [0x00000000d6900000,0x00000000d697e2f8,0x00000000d6980000)
  to   space 1024K, 0% used [0x00000000d6780000,0x00000000d6780000,0x00000000d6880000)
 ParOldGen       total 68608K, used 45653K [0x0000000080000000, 0x0000000084300000, 0x00000000d5580000)
  object space 68608K, 66% used [0x0000000080000000,0x0000000082c95770,0x0000000084300000)
 Metaspace       used 52178K, committed 53568K, reserved 1114112K
  class space    used 5721K, committed 6336K, reserved 1048576K
}
Event: 11.687 GC heap after
{Heap after GC invocations=33 (full 2):
 PSYoungGen      total 18944K, used 320K [0x00000000d5580000, 0x00000000d6980000, 0x0000000100000000)
  eden space 17920K, 0% used [0x00000000d5580000,0x00000000d5580000,0x00000000d6700000)
  from space 1024K, 31% used [0x00000000d6780000,0x00000000d67d0000,0x00000000d6880000)
  to   space 512K, 0% used [0x00000000d6900000,0x00000000d6900000,0x00000000d6980000)
 ParOldGen       total 68608K, used 46029K [0x0000000080000000, 0x0000000084300000, 0x00000000d5580000)
  object space 68608K, 67% used [0x0000000080000000,0x0000000082cf3500,0x0000000084300000)
 Metaspace       used 52178K, committed 53568K, reserved 1114112K
  class space    used 5721K, committed 6336K, reserved 1048576K
}
Event: 11.954 GC heap before
{Heap before GC invocations=34 (full 2):
 PSYoungGen      total 18944K, used 18096K [0x00000000d5580000, 0x00000000d6980000, 0x0000000100000000)
  eden space 17920K, 99% used [0x00000000d5580000,0x00000000d66dc0e8,0x00000000d6700000)
  from space 1024K, 31% used [0x00000000d6780000,0x00000000d67d0000,0x00000000d6880000)
  to   space 512K, 0% used [0x00000000d6900000,0x00000000d6900000,0x00000000d6980000)
 ParOldGen       total 68608K, used 46029K [0x0000000080000000, 0x0000000084300000, 0x00000000d5580000)
  object space 68608K, 67% used [0x0000000080000000,0x0000000082cf3500,0x0000000084300000)
 Metaspace       used 52879K, committed 54272K, reserved 1114112K
  class space    used 5776K, committed 6400K, reserved 1048576K
}
Event: 11.956 GC heap after
{Heap after GC invocations=34 (full 2):
 PSYoungGen      total 18432K, used 493K [0x00000000d5580000, 0x00000000d6b00000, 0x0000000100000000)
  eden space 17920K, 0% used [0x00000000d5580000,0x00000000d5580000,0x00000000d6700000)
  from space 512K, 96% used [0x00000000d6900000,0x00000000d697b650,0x00000000d6980000)
  to   space 2048K, 0% used [0x00000000d6700000,0x00000000d6700000,0x00000000d6900000)
 ParOldGen       total 68608K, used 47253K [0x0000000080000000, 0x0000000084300000, 0x00000000d5580000)
  object space 68608K, 68% used [0x0000000080000000,0x0000000082e257f8,0x0000000084300000)
 Metaspace       used 52879K, committed 54272K, reserved 1114112K
  class space    used 5776K, committed 6400K, reserved 1048576K
}
Event: 12.027 GC heap before
{Heap before GC invocations=35 (full 2):
 PSYoungGen      total 18432K, used 18413K [0x00000000d5580000, 0x00000000d6b00000, 0x0000000100000000)
  eden space 17920K, 100% used [0x00000000d5580000,0x00000000d6700000,0x00000000d6700000)
  from space 512K, 96% used [0x00000000d6900000,0x00000000d697b650,0x00000000d6980000)
  to   space 2048K, 0% used [0x00000000d6700000,0x00000000d6700000,0x00000000d6900000)
 ParOldGen       total 68608K, used 47253K [0x0000000080000000, 0x0000000084300000, 0x00000000d5580000)
  object space 68608K, 68% used [0x0000000080000000,0x0000000082e257f8,0x0000000084300000)
 Metaspace       used 52895K, committed 54272K, reserved 1114112K
  class space    used 5776K, committed 6400K, reserved 1048576K
}
Event: 12.028 GC heap after
{Heap after GC invocations=35 (full 2):
 PSYoungGen      total 19456K, used 1422K [0x00000000d5580000, 0x00000000d6a00000, 0x0000000100000000)
  eden space 17920K, 0% used [0x00000000d5580000,0x00000000d5580000,0x00000000d6700000)
  from space 1536K, 92% used [0x00000000d6700000,0x00000000d68639e8,0x00000000d6880000)
  to   space 1536K, 0% used [0x00000000d6880000,0x00000000d6880000,0x00000000d6a00000)
 ParOldGen       total 68608K, used 47755K [0x0000000080000000, 0x0000000084300000, 0x00000000d5580000)
  object space 68608K, 69% used [0x0000000080000000,0x0000000082ea2e48,0x0000000084300000)
 Metaspace       used 52895K, committed 54272K, reserved 1114112K
  class space    used 5776K, committed 6400K, reserved 1048576K
}
Event: 12.408 GC heap before
{Heap before GC invocations=36 (full 2):
 PSYoungGen      total 19456K, used 19342K [0x00000000d5580000, 0x00000000d6a00000, 0x0000000100000000)
  eden space 17920K, 100% used [0x00000000d5580000,0x00000000d6700000,0x00000000d6700000)
  from space 1536K, 92% used [0x00000000d6700000,0x00000000d68639e8,0x00000000d6880000)
  to   space 1536K, 0% used [0x00000000d6880000,0x00000000d6880000,0x00000000d6a00000)
 ParOldGen       total 68608K, used 47755K [0x0000000080000000, 0x0000000084300000, 0x00000000d5580000)
  object space 68608K, 69% used [0x0000000080000000,0x0000000082ea2e48,0x0000000084300000)
 Metaspace       used 54883K, committed 56256K, reserved 1114112K
  class space    used 5968K, committed 6592K, reserved 1048576K
}
Event: 12.410 GC heap after
{Heap after GC invocations=36 (full 2):
 PSYoungGen      total 18432K, used 454K [0x00000000d5580000, 0x00000000d6900000, 0x0000000100000000)
  eden space 17920K, 0% used [0x00000000d5580000,0x00000000d5580000,0x00000000d6700000)
  from space 512K, 88% used [0x00000000d6880000,0x00000000d68f18b0,0x00000000d6900000)
  to   space 1024K, 0% used [0x00000000d6700000,0x00000000d6700000,0x00000000d6800000)
 ParOldGen       total 68608K, used 48077K [0x0000000080000000, 0x0000000084300000, 0x00000000d5580000)
  object space 68608K, 70% used [0x0000000080000000,0x0000000082ef3758,0x0000000084300000)
 Metaspace       used 54883K, committed 56256K, reserved 1114112K
  class space    used 5968K, committed 6592K, reserved 1048576K
}
Event: 12.838 GC heap before
{Heap before GC invocations=37 (full 2):
 PSYoungGen      total 18432K, used 18374K [0x00000000d5580000, 0x00000000d6900000, 0x0000000100000000)
  eden space 17920K, 100% used [0x00000000d5580000,0x00000000d6700000,0x00000000d6700000)
  from space 512K, 88% used [0x00000000d6880000,0x00000000d68f18b0,0x00000000d6900000)
  to   space 1024K, 0% used [0x00000000d6700000,0x00000000d6700000,0x00000000d6800000)
 ParOldGen       total 68608K, used 48077K [0x0000000080000000, 0x0000000084300000, 0x00000000d5580000)
  object space 68608K, 70% used [0x0000000080000000,0x0000000082ef3758,0x0000000084300000)
 Metaspace       used 57092K, committed 58496K, reserved 1114112K
  class space    used 6201K, committed 6848K, reserved 1048576K
}
Event: 12.841 GC heap after
{Heap after GC invocations=37 (full 2):
 PSYoungGen      total 18944K, used 1024K [0x00000000d5580000, 0x00000000d6b00000, 0x0000000100000000)
  eden space 17920K, 0% used [0x00000000d5580000,0x00000000d5580000,0x00000000d6700000)
  from space 1024K, 100% used [0x00000000d6700000,0x00000000d6800000,0x00000000d6800000)
  to   space 2048K, 0% used [0x00000000d6900000,0x00000000d6900000,0x00000000d6b00000)
 ParOldGen       total 68608K, used 48598K [0x0000000080000000, 0x0000000084300000, 0x00000000d5580000)
  object space 68608K, 70% used [0x0000000080000000,0x0000000082f75918,0x0000000084300000)
 Metaspace       used 57092K, committed 58496K, reserved 1114112K
  class space    used 6201K, committed 6848K, reserved 1048576K
}
Event: 13.067 GC heap before
{Heap before GC invocations=38 (full 2):
 PSYoungGen      total 18944K, used 18944K [0x00000000d5580000, 0x00000000d6b00000, 0x0000000100000000)
  eden space 17920K, 100% used [0x00000000d5580000,0x00000000d6700000,0x00000000d6700000)
  from space 1024K, 100% used [0x00000000d6700000,0x00000000d6800000,0x00000000d6800000)
  to   space 2048K, 0% used [0x00000000d6900000,0x00000000d6900000,0x00000000d6b00000)
 ParOldGen       total 68608K, used 48598K [0x0000000080000000, 0x0000000084300000, 0x00000000d5580000)
  object space 68608K, 70% used [0x0000000080000000,0x0000000082f75918,0x0000000084300000)
 Metaspace       used 58227K, committed 59712K, reserved 1114112K
  class space    used 6293K, committed 6976K, reserved 1048576K
}
Event: 13.071 GC heap after
{Heap after GC invocations=38 (full 2):
 PSYoungGen      total 19456K, used 1937K [0x00000000d5580000, 0x00000000d6c00000, 0x0000000100000000)
  eden space 17408K, 0% used [0x00000000d5580000,0x00000000d5580000,0x00000000d6680000)
  from space 2048K, 94% used [0x00000000d6900000,0x00000000d6ae4408,0x00000000d6b00000)
  to   space 2560K, 0% used [0x00000000d6680000,0x00000000d6680000,0x00000000d6900000)
 ParOldGen       total 68608K, used 49572K [0x0000000080000000, 0x0000000084300000, 0x00000000d5580000)
  object space 68608K, 72% used [0x0000000080000000,0x0000000083069300,0x0000000084300000)
 Metaspace       used 58227K, committed 59712K, reserved 1114112K
  class space    used 6293K, committed 6976K, reserved 1048576K
}
Event: 13.136 GC heap before
{Heap before GC invocations=39 (full 2):
 PSYoungGen      total 19456K, used 13643K [0x00000000d5580000, 0x00000000d6c00000, 0x0000000100000000)
  eden space 17408K, 67% used [0x00000000d5580000,0x00000000d60ee8a0,0x00000000d6680000)
  from space 2048K, 94% used [0x00000000d6900000,0x00000000d6ae4408,0x00000000d6b00000)
  to   space 2560K, 0% used [0x00000000d6680000,0x00000000d6680000,0x00000000d6900000)
 ParOldGen       total 68608K, used 49572K [0x0000000080000000, 0x0000000084300000, 0x00000000d5580000)
  object space 68608K, 72% used [0x0000000080000000,0x0000000083069300,0x0000000084300000)
 Metaspace       used 58320K, committed 59776K, reserved 1114112K
  class space    used 6297K, committed 6976K, reserved 1048576K
}
Event: 13.140 GC heap after
{Heap after GC invocations=39 (full 2):
 PSYoungGen      total 19968K, used 1450K [0x00000000d5580000, 0x00000000d6b00000, 0x0000000100000000)
  eden space 17408K, 0% used [0x00000000d5580000,0x00000000d5580000,0x00000000d6680000)
  from space 2560K, 56% used [0x00000000d6680000,0x00000000d67eaa38,0x00000000d6900000)
  to   space 2048K, 0% used [0x00000000d6900000,0x00000000d6900000,0x00000000d6b00000)
 ParOldGen       total 68608K, used 51294K [0x0000000080000000, 0x0000000084300000, 0x00000000d5580000)
  object space 68608K, 74% used [0x0000000080000000,0x0000000083217b18,0x0000000084300000)
 Metaspace       used 58320K, committed 59776K, reserved 1114112K
  class space    used 6297K, committed 6976K, reserved 1048576K
}
Event: 13.140 GC heap before
{Heap before GC invocations=40 (full 3):
 PSYoungGen      total 19968K, used 1450K [0x00000000d5580000, 0x00000000d6b00000, 0x0000000100000000)
  eden space 17408K, 0% used [0x00000000d5580000,0x00000000d5580000,0x00000000d6680000)
  from space 2560K, 56% used [0x00000000d6680000,0x00000000d67eaa38,0x00000000d6900000)
  to   space 2048K, 0% used [0x00000000d6900000,0x00000000d6900000,0x00000000d6b00000)
 ParOldGen       total 68608K, used 51294K [0x0000000080000000, 0x0000000084300000, 0x00000000d5580000)
  object space 68608K, 74% used [0x0000000080000000,0x0000000083217b18,0x0000000084300000)
 Metaspace       used 58320K, committed 59776K, reserved 1114112K
  class space    used 6297K, committed 6976K, reserved 1048576K
}
Event: 13.225 GC heap after
{Heap after GC invocations=40 (full 3):
 PSYoungGen      total 19968K, used 0K [0x00000000d5580000, 0x00000000d6b00000, 0x0000000100000000)
  eden space 17408K, 0% used [0x00000000d5580000,0x00000000d5580000,0x00000000d6680000)
  from space 2560K, 0% used [0x00000000d6680000,0x00000000d6680000,0x00000000d6900000)
  to   space 2048K, 0% used [0x00000000d6900000,0x00000000d6900000,0x00000000d6b00000)
 ParOldGen       total 68608K, used 49140K [0x0000000080000000, 0x0000000084300000, 0x00000000d5580000)
  object space 68608K, 71% used [0x0000000080000000,0x0000000082ffd180,0x0000000084300000)
 Metaspace       used 58320K, committed 59776K, reserved 1114112K
  class space    used 6297K, committed 6976K, reserved 1048576K
}
Event: 13.313 GC heap before
{Heap before GC invocations=41 (full 3):
 PSYoungGen      total 19968K, used 17408K [0x00000000d5580000, 0x00000000d6b00000, 0x0000000100000000)
  eden space 17408K, 100% used [0x00000000d5580000,0x00000000d6680000,0x00000000d6680000)
  from space 2560K, 0% used [0x00000000d6680000,0x00000000d6680000,0x00000000d6900000)
  to   space 2048K, 0% used [0x00000000d6900000,0x00000000d6900000,0x00000000d6b00000)
 ParOldGen       total 68608K, used 49140K [0x0000000080000000, 0x0000000084300000, 0x00000000d5580000)
  object space 68608K, 71% used [0x0000000080000000,0x0000000082ffd180,0x0000000084300000)
 Metaspace       used 58352K, committed 59840K, reserved 1114112K
  class space    used 6300K, committed 6976K, reserved 1048576K
}
Event: 13.315 GC heap after
{Heap after GC invocations=41 (full 3):
 PSYoungGen      total 18944K, used 1504K [0x00000000d5580000, 0x00000000d6a80000, 0x0000000100000000)
  eden space 17408K, 0% used [0x00000000d5580000,0x00000000d5580000,0x00000000d6680000)
  from space 1536K, 97% used [0x00000000d6900000,0x00000000d6a78010,0x00000000d6a80000)
  to   space 1536K, 0% used [0x00000000d6780000,0x00000000d6780000,0x00000000d6900000)
 ParOldGen       total 68608K, used 49140K [0x0000000080000000, 0x0000000084300000, 0x00000000d5580000)
  object space 68608K, 71% used [0x0000000080000000,0x0000000082ffd180,0x0000000084300000)
 Metaspace       used 58352K, committed 59840K, reserved 1114112K
  class space    used 6300K, committed 6976K, reserved 1048576K
}

Dll operation events (10 events):
Event: 0.023 Loaded shared library c:\Users\welli\.vscode\extensions\redhat.java-1.54.0-win32-x64\jre\21.0.10-win32-x86_64\bin\java.dll
Event: 0.093 Loaded shared library c:\Users\welli\.vscode\extensions\redhat.java-1.54.0-win32-x64\jre\21.0.10-win32-x86_64\bin\zip.dll
Event: 0.119 Loaded shared library C:\Users\welli\.vscode\extensions\redhat.java-1.54.0-win32-x64\jre\21.0.10-win32-x86_64\bin\instrument.dll
Event: 0.137 Loaded shared library C:\Users\welli\.vscode\extensions\redhat.java-1.54.0-win32-x64\jre\21.0.10-win32-x86_64\bin\net.dll
Event: 0.140 Loaded shared library C:\Users\welli\.vscode\extensions\redhat.java-1.54.0-win32-x64\jre\21.0.10-win32-x86_64\bin\nio.dll
Event: 0.151 Loaded shared library C:\Users\welli\.vscode\extensions\redhat.java-1.54.0-win32-x64\jre\21.0.10-win32-x86_64\bin\zip.dll
Event: 0.173 Loaded shared library C:\Users\welli\.vscode\extensions\redhat.java-1.54.0-win32-x64\jre\21.0.10-win32-x86_64\bin\jimage.dll
Event: 0.286 Loaded shared library c:\Users\welli\.vscode\extensions\redhat.java-1.54.0-win32-x64\jre\21.0.10-win32-x86_64\bin\verify.dll
Event: 2.068 Loaded shared library C:\Users\welli\AppData\Roaming\Code\User\globalStorage\redhat.java\1.54.0\config_win\org.eclipse.equinox.launcher\org.eclipse.equinox.launcher.win32.win32.x86_64_1.3.0.v20260203-2149\eclipse_11919.dll
Event: 5.811 Loaded shared library C:\Users\welli\AppData\Local\Temp\jna-113015131\jna8180721211615405326.dll

Deoptimization events (20 events):
Event: 13.319 Thread 0x000002ebd1172a80 Uncommon trap: trap_request=0xffffff45 fr.pc=0x000002ebdc202d08 relative=0x0000000000000628
Event: 13.319 Thread 0x000002ebd1172a80 Uncommon trap: reason=unstable_if action=reinterpret pc=0x000002ebdc202d08 method=org.eclipse.jdt.internal.core.util.WeakHashSet.addValue(Lorg/eclipse/jdt/internal/core/util/WeakHashSet$HashableWeakReference;)V @ 6 c2
Event: 13.319 Thread 0x000002ebd1172a80 DEOPT PACKING pc=0x000002ebdc202d08 sp=0x000000ffc46fe0a0
Event: 13.319 Thread 0x000002ebd1172a80 DEOPT UNPACKING pc=0x000002ebdb973aa2 sp=0x000000ffc46fe040 mode 2
Event: 13.393 Thread 0x000002ebd116e250 Uncommon trap: trap_request=0xffffff45 fr.pc=0x000002ebdc2810c8 relative=0x0000000000000388
Event: 13.393 Thread 0x000002ebd116e250 Uncommon trap: reason=unstable_if action=reinterpret pc=0x000002ebdc2810c8 method=java.lang.CharacterDataLatin1.equalsIgnoreCase(BB)Z @ 24 c2
Event: 13.393 Thread 0x000002ebd116e250 DEOPT PACKING pc=0x000002ebdc2810c8 sp=0x000000ffc3afdc90
Event: 13.393 Thread 0x000002ebd116e250 DEOPT UNPACKING pc=0x000002ebdb973aa2 sp=0x000000ffc3afdb18 mode 2
Event: 13.393 Thread 0x000002ebd116e250 Uncommon trap: trap_request=0xffffff3d fr.pc=0x000002ebdbf88608 relative=0x0000000000000068
Event: 13.393 Thread 0x000002ebd116e250 Uncommon trap: reason=unstable_fused_if action=reinterpret pc=0x000002ebdbf88608 method=java.lang.CharacterDataLatin1.equalsIgnoreCase(BB)Z @ 16 c2
Event: 13.393 Thread 0x000002ebd116e250 DEOPT PACKING pc=0x000002ebdbf88608 sp=0x000000ffc3afdbb0
Event: 13.393 Thread 0x000002ebd116e250 DEOPT UNPACKING pc=0x000002ebdb973aa2 sp=0x000000ffc3afdb30 mode 2
Event: 13.398 Thread 0x000002ebd116e250 Uncommon trap: trap_request=0xffffff45 fr.pc=0x000002ebdc3138e8 relative=0x0000000000001328
Event: 13.398 Thread 0x000002ebd116e250 Uncommon trap: reason=unstable_if action=reinterpret pc=0x000002ebdc3138e8 method=org.codehaus.plexus.util.xml.pull.MXParser.nextImpl()I @ 310 c2
Event: 13.398 Thread 0x000002ebd116e250 DEOPT PACKING pc=0x000002ebdc3138e8 sp=0x000000ffc3afd850
Event: 13.398 Thread 0x000002ebd116e250 DEOPT UNPACKING pc=0x000002ebdb973aa2 sp=0x000000ffc3afd7d0 mode 2
Event: 13.403 Thread 0x000002ebd116e250 DEOPT PACKING pc=0x000002ebd472e3d0 sp=0x000000ffc3afd4d0
Event: 13.403 Thread 0x000002ebd116e250 DEOPT UNPACKING pc=0x000002ebdb974242 sp=0x000000ffc3afca18 mode 0
Event: 13.431 Thread 0x000002ebd116e250 DEOPT PACKING pc=0x000002ebd472e3d0 sp=0x000000ffc3afd8f0
Event: 13.431 Thread 0x000002ebd116e250 DEOPT UNPACKING pc=0x000002ebdb974242 sp=0x000000ffc3afce38 mode 0

Classes loaded (20 events):
Event: 10.423 Loading class java/nio/channels/NonWritableChannelException
Event: 10.423 Loading class java/nio/channels/NonWritableChannelException done
Event: 11.335 Loading class java/util/Vector$1
Event: 11.335 Loading class java/util/Vector$1 done
Event: 12.197 Loading class java/util/Hashtable$ValueCollection
Event: 12.197 Loading class java/util/Hashtable$ValueCollection done
Event: 12.393 Loading class java/nio/charset/CharacterCodingException
Event: 12.393 Loading class java/nio/charset/CharacterCodingException done
Event: 12.393 Loading class java/io/SequenceInputStream
Event: 12.393 Loading class java/io/SequenceInputStream done
Event: 12.429 Loading class java/util/WeakHashMap$KeyIterator
Event: 12.429 Loading class java/util/WeakHashMap$KeyIterator done
Event: 12.446 Loading class java/util/concurrent/CompletableFuture$UniApply
Event: 12.446 Loading class java/util/concurrent/CompletableFuture$UniApply done
Event: 12.447 Loading class java/util/concurrent/CompletableFuture$UniExceptionally
Event: 12.447 Loading class java/util/concurrent/CompletableFuture$UniExceptionally done
Event: 12.564 Loading class java/util/Hashtable$KeySet
Event: 12.564 Loading class java/util/Hashtable$KeySet done
Event: 12.881 Loading class java/lang/UnsupportedClassVersionError
Event: 12.881 Loading class java/lang/UnsupportedClassVersionError done

Classes unloaded (7 events):
Event: 6.656 Thread 0x000002ebd12ad570 Unloading class 0x000002eb811a5000 'java/lang/invoke/LambdaForm$MH+0x000002eb811a5000'
Event: 6.656 Thread 0x000002ebd12ad570 Unloading class 0x000002eb811a4c00 'java/lang/invoke/LambdaForm$MH+0x000002eb811a4c00'
Event: 6.656 Thread 0x000002ebd12ad570 Unloading class 0x000002eb811a4800 'java/lang/invoke/LambdaForm$MH+0x000002eb811a4800'
Event: 6.656 Thread 0x000002ebd12ad570 Unloading class 0x000002eb811a4400 'java/lang/invoke/LambdaForm$MH+0x000002eb811a4400'
Event: 6.656 Thread 0x000002ebd12ad570 Unloading class 0x000002eb811a4000 'java/lang/invoke/LambdaForm$BMH+0x000002eb811a4000'
Event: 6.656 Thread 0x000002ebd12ad570 Unloading class 0x000002eb811a3c00 'java/lang/invoke/LambdaForm$DMH+0x000002eb811a3c00'
Event: 6.656 Thread 0x000002ebd12ad570 Unloading class 0x000002eb811a2800 'java/lang/invoke/LambdaForm$DMH+0x000002eb811a2800'

Classes redefined (0 events):
No events

Internal exceptions (20 events):
Event: 12.589 Thread 0x000002ebd116e250 Exception <a 'sun/nio/fs/WindowsException'{0x00000000d5eae7c0}> (0x00000000d5eae7c0) 
thrown [s\src\hotspot\share\prims\jni.cpp, line 520]
Event: 12.589 Thread 0x000002ebd116e250 Exception <a 'sun/nio/fs/WindowsException'{0x00000000d5eb9030}> (0x00000000d5eb9030) 
thrown [s\src\hotspot\share\prims\jni.cpp, line 520]
Event: 12.590 Thread 0x000002ebd116e250 Exception <a 'sun/nio/fs/WindowsException'{0x00000000d5eba3a0}> (0x00000000d5eba3a0) 
thrown [s\src\hotspot\share\prims\jni.cpp, line 520]
Event: 12.590 Thread 0x000002ebd116e250 Exception <a 'sun/nio/fs/WindowsException'{0x00000000d5ebac80}> (0x00000000d5ebac80) 
thrown [s\src\hotspot\share\prims\jni.cpp, line 520]
Event: 12.593 Thread 0x000002ebd116e250 Exception <a 'sun/nio/fs/WindowsException'{0x00000000d5ebbbb0}> (0x00000000d5ebbbb0) 
thrown [s\src\hotspot\share\prims\jni.cpp, line 520]
Event: 12.593 Thread 0x000002ebd116e250 Exception <a 'sun/nio/fs/WindowsException'{0x00000000d5ebc408}> (0x00000000d5ebc408) 
thrown [s\src\hotspot\share\prims\jni.cpp, line 520]
Event: 12.600 Thread 0x000002ebd116e250 Exception <a 'java/io/FileNotFoundException'{0x00000000d5f10ca8}> (0x00000000d5f10ca8) 
thrown [s\src\hotspot\share\prims\jni.cpp, line 520]
Event: 12.601 Thread 0x000002ebd116e250 Exception <a 'java/io/FileNotFoundException'{0x00000000d5f11a60}> (0x00000000d5f11a60) 
thrown [s\src\hotspot\share\prims\jni.cpp, line 520]
Event: 12.606 Thread 0x000002ebd116e250 Exception <a 'sun/nio/fs/WindowsException'{0x00000000d5f4e960}> (0x00000000d5f4e960) 
thrown [s\src\hotspot\share\prims\jni.cpp, line 520]
Event: 12.607 Thread 0x000002ebd116e250 Exception <a 'sun/nio/fs/WindowsException'{0x00000000d5f4f1b8}> (0x00000000d5f4f1b8) 
thrown [s\src\hotspot\share\prims\jni.cpp, line 520]
Event: 12.608 Thread 0x000002ebd116e250 Exception <a 'sun/nio/fs/WindowsException'{0x00000000d5f50278}> (0x00000000d5f50278) 
thrown [s\src\hotspot\share\prims\jni.cpp, line 520]
Event: 12.608 Thread 0x000002ebd116e250 Exception <a 'sun/nio/fs/WindowsException'{0x00000000d5f508a8}> (0x00000000d5f508a8) 
thrown [s\src\hotspot\share\prims\jni.cpp, line 520]
Event: 12.608 Thread 0x000002ebd116e250 Exception <a 'sun/nio/fs/WindowsException'{0x00000000d5f51528}> (0x00000000d5f51528) 
thrown [s\src\hotspot\share\prims\jni.cpp, line 520]
Event: 12.608 Thread 0x000002ebd116e250 Exception <a 'sun/nio/fs/WindowsException'{0x00000000d5f51d80}> (0x00000000d5f51d80) 
thrown [s\src\hotspot\share\prims\jni.cpp, line 520]
Event: 12.826 Thread 0x000002ebd116e250 Exception <a 'java/lang/NoSuchMethodError'{0x00000000d668a978}: 'void java.lang.invoke.DirectMethodHandle$Holder.invokeStatic(java.lang.Object, java.lang.Object, java.lang.Object, int)'> (0x00000000d668a978) 
thrown [s\src\hotspot\share\interpreter\linkResolver.cpp, line 773]
Event: 12.835 Thread 0x000002ebd116e250 Exception <a 'java/lang/NoSuchMethodError'{0x00000000d66e0870}: 'void java.lang.invoke.DirectMethodHandle$Holder.invokeVirtual(java.lang.Object, java.lang.Object, int)'> (0x00000000d66e0870) 
thrown [s\src\hotspot\share\interpreter\linkResolver.cpp, line 773]
Event: 12.852 Thread 0x000002ebd1170320 Exception <a 'java/lang/NoSuchMethodError'{0x00000000d56311a0}: 'java.lang.Object java.lang.invoke.DirectMethodHandle$Holder.invokeSpecial(java.lang.Object, java.lang.Object, int, long)'> (0x00000000d56311a0) 
thrown [s\src\hotspot\share\interpreter\linkResolver.cpp, line 773]
Event: 12.892 Thread 0x000002ebd1172a80 Exception <a 'java/lang/NoSuchMethodError'{0x00000000d59bea28}: 'int java.lang.invoke.Invokers$Holder.invokeExact_MT(java.lang.Object, java.lang.Object)'> (0x00000000d59bea28) 
thrown [s\src\hotspot\share\interpreter\linkResolver.cpp, line 773]
Event: 13.319 Thread 0x000002ebd1172a80 Implicit null exception at 0x000002ebdc248281 to 0x000002ebdc248848
Event: 13.319 Thread 0x000002ebd1172a80 Implicit null exception at 0x000002ebdc202726 to 0x000002ebdc202cf4

ZGC Phase Switch (0 events):
No events

VM Operations (20 events):
Event: 11.953 Executing safepoint VM operation: ParallelGCFailedAllocation (Allocation Failure)
Event: 11.956 Executing safepoint VM operation: ParallelGCFailedAllocation (Allocation Failure) done
Event: 12.027 Executing safepoint VM operation: ParallelGCFailedAllocation (Allocation Failure)
Event: 12.028 Executing safepoint VM operation: ParallelGCFailedAllocation (Allocation Failure) done
Event: 12.408 Executing safepoint VM operation: ParallelGCFailedAllocation (Allocation Failure)
Event: 12.410 Executing safepoint VM operation: ParallelGCFailedAllocation (Allocation Failure) done
Event: 12.620 Executing non-safepoint VM operation: HandshakeAllThreads (Deoptimize)
Event: 12.621 Executing non-safepoint VM operation: HandshakeAllThreads (Deoptimize) done
Event: 12.828 Executing safepoint VM operation: ICBufferFull
Event: 12.829 Executing safepoint VM operation: ICBufferFull done
Event: 12.838 Executing safepoint VM operation: ParallelGCFailedAllocation (Allocation Failure)
Event: 12.841 Executing safepoint VM operation: ParallelGCFailedAllocation (Allocation Failure) done
Event: 12.885 Executing non-safepoint VM operation: HandshakeAllThreads (Deoptimize)
Event: 12.888 Executing non-safepoint VM operation: HandshakeAllThreads (Deoptimize) done
Event: 13.066 Executing safepoint VM operation: ParallelGCFailedAllocation (Allocation Failure)
Event: 13.071 Executing safepoint VM operation: ParallelGCFailedAllocation (Allocation Failure) done
Event: 13.134 Executing safepoint VM operation: CollectForMetadataAllocation (Metadata GC Threshold)
Event: 13.225 Executing safepoint VM operation: CollectForMetadataAllocation (Metadata GC Threshold) done
Event: 13.293 Executing safepoint VM operation: ParallelGCFailedAllocation (Allocation Failure)
Event: 13.315 Executing safepoint VM operation: ParallelGCFailedAllocation (Allocation Failure) done

Memory protections (0 events):
No events

Nmethod flushes (20 events):
Event: 13.171 Thread 0x000002ebd12ad570 flushing  nmethod 0x000002ebd4cd0c90
Event: 13.171 Thread 0x000002ebd12ad570 flushing  nmethod 0x000002ebd4cd1290
Event: 13.171 Thread 0x000002ebd12ad570 flushing  nmethod 0x000002ebd4cd1990
Event: 13.171 Thread 0x000002ebd12ad570 flushing  nmethod 0x000002ebd4cd5690
Event: 13.171 Thread 0x000002ebd12ad570 flushing  nmethod 0x000002ebd4cdf690
Event: 13.171 Thread 0x000002ebd12ad570 flushing  nmethod 0x000002ebd4ce3710
Event: 13.171 Thread 0x000002ebd12ad570 flushing  nmethod 0x000002ebd4d08110
Event: 13.171 Thread 0x000002ebd12ad570 flushing  nmethod 0x000002ebd4d0bb10
Event: 13.171 Thread 0x000002ebd12ad570 flushing  nmethod 0x000002ebd4d1a790
Event: 13.171 Thread 0x000002ebd12ad570 flushing  nmethod 0x000002ebd4d73510
Event: 13.171 Thread 0x000002ebd12ad570 flushing  nmethod 0x000002ebd4d78f90
Event: 13.171 Thread 0x000002ebd12ad570 flushing  nmethod 0x000002ebd4d7aa90
Event: 13.171 Thread 0x000002ebd12ad570 flushing  nmethod 0x000002ebd4d7c390
Event: 13.171 Thread 0x000002ebd12ad570 flushing  nmethod 0x000002ebd4d7eb10
Event: 13.171 Thread 0x000002ebd12ad570 flushing  nmethod 0x000002ebd4d7ee90
Event: 13.171 Thread 0x000002ebd12ad570 flushing  nmethod 0x000002ebd4d7f890
Event: 13.171 Thread 0x000002ebd12ad570 flushing  nmethod 0x000002ebd4d80290
Event: 13.171 Thread 0x000002ebd12ad570 flushing  nmethod 0x000002ebd4d80a90
Event: 13.171 Thread 0x000002ebd12ad570 flushing  nmethod 0x000002ebd4d89a10
Event: 13.171 Thread 0x000002ebd12ad570 flushing  nmethod 0x000002ebd4db0c10

Events (20 events):
Event: 6.553 Thread 0x000002ebd10fb230 Thread added: 0x000002ebee2dd450
Event: 7.318 Thread 0x000002ebed663eb0 Thread added: 0x000002ebd116e8e0
Event: 7.680 Thread 0x000002ebd116d530 Thread added: 0x000002ebd116e250
Event: 7.749 Thread 0x000002ebd116e250 Thread added: 0x000002ebd1170320
Event: 7.782 Thread 0x000002ebd11eab30 Thread added: 0x000002ebd116dbc0
Event: 7.783 Thread 0x000002ebd11eab30 Thread added: 0x000002ebd116cea0
Event: 7.783 Thread 0x000002ebd11eab30 Thread added: 0x000002ebd1171040
Event: 7.783 Thread 0x000002ebd11eab30 Thread added: 0x000002ebd11709b0
Event: 7.783 Thread 0x000002ebd11eab30 Thread added: 0x000002ebd11716d0
Event: 7.856 Thread 0x000002ebd11eab30 Thread added: 0x000002ebd1171d60
Event: 8.094 Thread 0x000002ebd11eab30 Thread added: 0x000002ebd11723f0
Event: 8.094 Thread 0x000002ebd11eab30 Thread added: 0x000002ebd116f600
Event: 8.462 Thread 0x000002ebed664bd0 Thread added: 0x000002ebd116fc90
Event: 8.462 Thread 0x000002ebed664bd0 Thread added: 0x000002ebd116ef70
Event: 8.463 Thread 0x000002ebd116fc90 Thread added: 0x000002ebd1172a80
Event: 9.824 Thread 0x000002ebd116d530 Thread added: 0x000002ebd11737a0
Event: 10.041 Thread 0x000002ebd11737a0 Thread exited: 0x000002ebd11737a0
Event: 11.398 Thread 0x000002ebee2dd450 Thread exited: 0x000002ebee2dd450
Event: 11.927 Thread 0x000002ebd10fb230 Thread added: 0x000002ebefc14240
Event: 12.843 Thread 0x000002ebd1170320 Thread added: 0x000002ebd1173e30


Dynamic libraries:
0x00007ff698d20000 - 0x00007ff698d2e000 	c:\Users\welli\.vscode\extensions\redhat.java-1.54.0-win32-x64\jre\21.0.10-win32-x86_64\bin\java.exe
0x00007ff8bc000000 - 0x00007ff8bc267000 	C:\WINDOWS\SYSTEM32\ntdll.dll
0x00007ff8bb770000 - 0x00007ff8bb839000 	C:\WINDOWS\System32\KERNEL32.DLL
0x00007ff8b8d80000 - 0x00007ff8b9174000 	C:\WINDOWS\System32\KERNELBASE.dll
0x00007ff8b88d0000 - 0x00007ff8b8a1b000 	C:\WINDOWS\System32\ucrtbase.dll
0x00007ff89d840000 - 0x00007ff89d858000 	c:\Users\welli\.vscode\extensions\redhat.java-1.54.0-win32-x64\jre\21.0.10-win32-x86_64\bin\jli.dll
0x00007ff8bacf0000 - 0x00007ff8baeb5000 	C:\WINDOWS\System32\USER32.dll
0x00007ff8b8c90000 - 0x00007ff8b8cb7000 	C:\WINDOWS\System32\win32u.dll
0x00007ff8bbf90000 - 0x00007ff8bbfbb000 	C:\WINDOWS\System32\GDI32.dll
0x00007ff8b8ad0000 - 0x00007ff8b8bfb000 	C:\WINDOWS\System32\gdi32full.dll
0x00007ff8b8a20000 - 0x00007ff8b8ac3000 	C:\WINDOWS\System32\msvcp_win.dll
0x00007ff89b6e0000 - 0x00007ff89b6fe000 	c:\Users\welli\.vscode\extensions\redhat.java-1.54.0-win32-x64\jre\21.0.10-win32-x86_64\bin\VCRUNTIME140.dll
0x00007ff89ee20000 - 0x00007ff89f0b3000 	C:\WINDOWS\WinSxS\amd64_microsoft.windows.common-controls_6595b64144ccf1df_6.0.26100.8115_none_3e075c82e3354f9c\COMCTL32.dll
0x00007ff8bb9e0000 - 0x00007ff8bba89000 	C:\WINDOWS\System32\msvcrt.dll
0x00007ff8bbef0000 - 0x00007ff8bbf22000 	C:\WINDOWS\System32\IMM32.DLL
0x00007ff8b4260000 - 0x00007ff8b426c000 	c:\Users\welli\.vscode\extensions\redhat.java-1.54.0-win32-x64\jre\21.0.10-win32-x86_64\bin\vcruntime140_1.dll
0x00007ff8945a0000 - 0x00007ff89462d000 	c:\Users\welli\.vscode\extensions\redhat.java-1.54.0-win32-x64\jre\21.0.10-win32-x86_64\bin\msvcp140.dll
0x00007ff830220000 - 0x00007ff830fc1000 	c:\Users\welli\.vscode\extensions\redhat.java-1.54.0-win32-x64\jre\21.0.10-win32-x86_64\bin\server\jvm.dll
0x00007ff8bbb90000 - 0x00007ff8bbc46000 	C:\WINDOWS\System32\ADVAPI32.dll
0x00007ff8bac40000 - 0x00007ff8bace7000 	C:\WINDOWS\System32\sechost.dll
0x00007ff8bb650000 - 0x00007ff8bb768000 	C:\WINDOWS\System32\RPCRT4.dll
0x00007ff8babb0000 - 0x00007ff8bac30000 	C:\WINDOWS\System32\WS2_32.dll
0x00007ff8b8750000 - 0x00007ff8b87ae000 	C:\WINDOWS\SYSTEM32\POWRPROF.dll
0x00007ff8b1510000 - 0x00007ff8b1546000 	C:\WINDOWS\SYSTEM32\WINMM.dll
0x00007ff8b1550000 - 0x00007ff8b155b000 	C:\WINDOWS\SYSTEM32\VERSION.dll
0x00007ff8b8730000 - 0x00007ff8b8744000 	C:\WINDOWS\SYSTEM32\UMPDC.dll
0x00007ff8b7660000 - 0x00007ff8b767b000 	C:\WINDOWS\SYSTEM32\kernel.appcore.dll
0x00007ff8b41d0000 - 0x00007ff8b41da000 	c:\Users\welli\.vscode\extensions\redhat.java-1.54.0-win32-x64\jre\21.0.10-win32-x86_64\bin\jimage.dll
0x00007ff8b1b50000 - 0x00007ff8b1d92000 	C:\WINDOWS\SYSTEM32\DBGHELP.DLL
0x00007ff8ba7c0000 - 0x00007ff8bab42000 	C:\WINDOWS\System32\combase.dll
0x00007ff8b9f00000 - 0x00007ff8b9fd8000 	C:\WINDOWS\System32\OLEAUT32.dll
0x00007ff8a5940000 - 0x00007ff8a597b000 	C:\WINDOWS\SYSTEM32\dbgcore.DLL
0x00007ff8b9b70000 - 0x00007ff8b9c15000 	C:\WINDOWS\System32\bcryptPrimitives.dll
0x00007ff8b4170000 - 0x00007ff8b417f000 	c:\Users\welli\.vscode\extensions\redhat.java-1.54.0-win32-x64\jre\21.0.10-win32-x86_64\bin\instrument.dll
0x00007ff899460000 - 0x00007ff899480000 	c:\Users\welli\.vscode\extensions\redhat.java-1.54.0-win32-x64\jre\21.0.10-win32-x86_64\bin\java.dll
0x00007ff8ba050000 - 0x00007ff8ba7b7000 	C:\WINDOWS\System32\SHELL32.dll
0x00007ff8b9c20000 - 0x00007ff8b9d8a000 	C:\WINDOWS\System32\wintypes.dll
0x00007ff8b9180000 - 0x00007ff8b99e8000 	C:\WINDOWS\System32\windows.storage.dll
0x00007ff8bb0a0000 - 0x00007ff8bb198000 	C:\WINDOWS\System32\SHCORE.dll
0x00007ff8b9fe0000 - 0x00007ff8ba046000 	C:\WINDOWS\System32\shlwapi.dll
0x00007ff8b87f0000 - 0x00007ff8b8819000 	C:\WINDOWS\SYSTEM32\profapi.dll
0x00007ff899060000 - 0x00007ff899078000 	c:\Users\welli\.vscode\extensions\redhat.java-1.54.0-win32-x64\jre\21.0.10-win32-x86_64\bin\zip.dll
0x00007ff8b4110000 - 0x00007ff8b4120000 	C:\Users\welli\.vscode\extensions\redhat.java-1.54.0-win32-x64\jre\21.0.10-win32-x86_64\bin\net.dll
0x00007ff8b2830000 - 0x00007ff8b295d000 	C:\WINDOWS\SYSTEM32\WINHTTP.dll
0x00007ff8b7bd0000 - 0x00007ff8b7c3c000 	C:\WINDOWS\system32\mswsock.dll
0x00007ff898d90000 - 0x00007ff898da6000 	C:\Users\welli\.vscode\extensions\redhat.java-1.54.0-win32-x64\jre\21.0.10-win32-x86_64\bin\nio.dll
0x00007ff8ac4f0000 - 0x00007ff8ac500000 	c:\Users\welli\.vscode\extensions\redhat.java-1.54.0-win32-x64\jre\21.0.10-win32-x86_64\bin\verify.dll
0x00007ff8946e0000 - 0x00007ff894725000 	C:\Users\welli\AppData\Roaming\Code\User\globalStorage\redhat.java\1.54.0\config_win\org.eclipse.equinox.launcher\org.eclipse.equinox.launcher.win32.win32.x86_64_1.3.0.v20260203-2149\eclipse_11919.dll
0x00007ff8bb840000 - 0x00007ff8bb9d7000 	C:\WINDOWS\System32\ole32.dll
0x00007ff8b7ec0000 - 0x00007ff8b7edb000 	C:\WINDOWS\SYSTEM32\CRYPTSP.dll
0x00007ff8b75c0000 - 0x00007ff8b75f9000 	C:\WINDOWS\system32\rsaenh.dll
0x00007ff8b7c80000 - 0x00007ff8b7cb3000 	C:\WINDOWS\SYSTEM32\USERENV.dll
0x00007ff8b87c0000 - 0x00007ff8b87ea000 	C:\WINDOWS\SYSTEM32\bcrypt.dll
0x00007ff8b7eb0000 - 0x00007ff8b7ebc000 	C:\WINDOWS\SYSTEM32\CRYPTBASE.dll
0x00007ff8b7060000 - 0x00007ff8b7092000 	C:\WINDOWS\SYSTEM32\IPHLPAPI.DLL
0x00007ff8bbc50000 - 0x00007ff8bbc5a000 	C:\WINDOWS\System32\NSI.dll
0x00007ff894340000 - 0x00007ff894389000 	C:\Users\welli\AppData\Local\Temp\jna-113015131\jna8180721211615405326.dll
0x00007ff8bbf80000 - 0x00007ff8bbf88000 	C:\WINDOWS\System32\PSAPI.DLL
0x00007ff8b3150000 - 0x00007ff8b316d000 	C:\WINDOWS\SYSTEM32\dhcpcsvc6.DLL
0x00007ff8b2f50000 - 0x00007ff8b2f75000 	C:\WINDOWS\SYSTEM32\dhcpcsvc.DLL

JVMTI agents:
c:\Users\welli\.vscode\extensions\redhat.java-1.54.0-win32-x64\lombok\lombok-1.18.39-4050.jar path:c:\Users\welli\.vscode\extensions\redhat.java-1.54.0-win32-x64\jre\21.0.10-win32-x86_64\bin\instrument.dll, loaded, initialized, instrumentlib options:none

dbghelp: loaded successfully - version: 4.0.5 - missing functions: none
symbol engine: initialized successfully - sym options: 0x614 - pdb path: .;c:\Users\welli\.vscode\extensions\redhat.java-1.54.0-win32-x64\jre\21.0.10-win32-x86_64\bin;C:\WINDOWS\SYSTEM32;C:\WINDOWS\WinSxS\amd64_microsoft.windows.common-controls_6595b64144ccf1df_6.0.26100.8115_none_3e075c82e3354f9c;c:\Users\welli\.vscode\extensions\redhat.java-1.54.0-win32-x64\jre\21.0.10-win32-x86_64\bin\server;C:\Users\welli\AppData\Roaming\Code\User\globalStorage\redhat.java\1.54.0\config_win\org.eclipse.equinox.launcher\org.eclipse.equinox.launcher.win32.win32.x86_64_1.3.0.v20260203-2149;C:\Users\welli\AppData\Local\Temp\jna-113015131

VM Arguments:
jvm_args: --add-modules=ALL-SYSTEM --add-opens=java.base/java.util=ALL-UNNAMED --add-opens=java.base/java.lang=ALL-UNNAMED --add-opens=java.base/sun.nio.fs=ALL-UNNAMED -Declipse.application=org.eclipse.jdt.ls.core.id1 -Dosgi.bundles.defaultStartLevel=4 -Declipse.product=org.eclipse.jdt.ls.core.product -Djava.import.generatesMetadataFilesAtProjectRoot=false -DDetectVMInstallationsJob.disabled=true -Dfile.encoding=utf8 -XX:+UseParallelGC -XX:GCTimeRatio=4 -XX:AdaptiveSizePolicyWeight=90 -Dsun.zip.disableMemoryMapping=true -Xmx2G -Xms100m -Xlog:disable -javaagent:c:\Users\welli\.vscode\extensions\redhat.java-1.54.0-win32-x64\lombok\lombok-1.18.39-4050.jar -XX:+HeapDumpOnOutOfMemoryError -XX:HeapDumpPath=c:\Users\welli\AppData\Roaming\Code\User\workspaceStorage\cb6d659b9e166eab0c50a174156a1de8\redhat.java -Daether.dependencyCollector.impl=bf 
java_command: c:\Users\welli\.vscode\extensions\redhat.java-1.54.0-win32-x64\server\plugins\org.eclipse.equinox.launcher_1.7.100.v20251111-0406.jar -configuration c:\Users\welli\AppData\Roaming\Code\User\globalStorage\redhat.java\1.54.0\config_win -data c:\Users\welli\AppData\Roaming\Code\User\workspaceStorage\cb6d659b9e166eab0c50a174156a1de8\redhat.java\jdt_ws --pipe=\\.\pipe\lsp-a65c25cc20bb8c5f949c84cb7dabfcc3-sock
java_class_path (initial): c:\Users\welli\.vscode\extensions\redhat.java-1.54.0-win32-x64\server\plugins\org.eclipse.equinox.launcher_1.7.100.v20251111-0406.jar
Launcher Type: SUN_STANDARD

[Global flags]
    uintx AdaptiveSizePolicyWeight                 = 90                                        {product} {command line}
     intx CICompilerCount                          = 3                                         {product} {ergonomic}
    uintx GCTimeRatio                              = 4                                         {product} {command line}
     bool HeapDumpOnOutOfMemoryError               = true                                   {manageable} {command line}
    ccstr HeapDumpPath                             = c:\Users\welli\AppData\Roaming\Code\User\workspaceStorage\cb6d659b9e166eab0c50a174156a1de8\redhat.java         {manageable} {command line}
   size_t InitialHeapSize                          = 104857600                                 {product} {command line}
   size_t MaxHeapSize                              = 2147483648                                {product} {command line}
   size_t MaxNewSize                               = 715653120                                 {product} {ergonomic}
   size_t MinHeapDeltaBytes                        = 524288                                    {product} {ergonomic}
   size_t MinHeapSize                              = 104857600                                 {product} {command line}
   size_t NewSize                                  = 34603008                                  {product} {ergonomic}
    uintx NonNMethodCodeHeapSize                   = 5832780                                {pd product} {ergonomic}
    uintx NonProfiledCodeHeapSize                  = 122912730                              {pd product} {ergonomic}
   size_t OldSize                                  = 70254592                                  {product} {ergonomic}
    uintx ProfiledCodeHeapSize                     = 122912730                              {pd product} {ergonomic}
    uintx ReservedCodeCacheSize                    = 251658240                              {pd product} {ergonomic}
     bool SegmentedCodeCache                       = true                                      {product} {ergonomic}
   size_t SoftMaxHeapSize                          = 2147483648                             {manageable} {ergonomic}
     bool UseCompressedOops                        = true                           {product lp64_product} {ergonomic}
     bool UseLargePagesIndividualAllocation        = false                                  {pd product} {ergonomic}
     bool UseParallelGC                            = true                                      {product} {command line}

Logging:
Log output configuration:
 #0: stdout all=off uptime,level,tags foldmultilines=false
 #1: stderr all=off uptime,level,tags foldmultilines=false

Release file:
JAVA_VERSION="21.0.10" 
MODULES="java.base java.compiler java.datatransfer java.xml java.prefs java.desktop java.instrument java.logging java.management java.security.sasl java.naming java.rmi java.management.rmi java.net.http java.scripting java.security.jgss java.transaction.xa java.sql java.sql.rowset java.xml.crypto java.se java.smartcardio jdk.accessibility jdk.internal.jvmstat jdk.attach jdk.charsets jdk.internal.opt jdk.zipfs jdk.compiler jdk.crypto.ec jdk.crypto.cryptoki jdk.crypto.mscapi jdk.dynalink jdk.internal.ed jdk.editpad jdk.hotspot.agent jdk.httpserver jdk.internal.le jdk.internal.vm.ci jdk.internal.vm.compiler jdk.internal.vm.compiler.management jdk.jartool jdk.javadoc jdk.jcmd jdk.management jdk.management.agent jdk.jconsole jdk.jdeps jdk.jdwp.agent jdk.jdi jdk.jfr jdk.jshell jdk.jsobject jdk.jstatd jdk.localedata jdk.management.jfr jdk.naming.dns jdk.naming.rmi jdk.net jdk.nio.mapmode jdk.random jdk.sctp jdk.security.auth jdk.security.jgss jdk.unsupported jdk.unsupported.desktop jdk.xml.dom" 

Environment Variables:
PATH=C:\Users\welli\AppData\Local\Programs\Microsoft VS Code;C:\Program Files\Common Files\Oracle\Java\javapath;C:\WINDOWS\system32;C:\WINDOWS;C:\WINDOWS\System32\Wbem;C:\WINDOWS\System32\WindowsPowerShell\v1.0\;C:\WINDOWS\System32\OpenSSH\;C:\Users\welli\AppData\Local\Microsoft\WindowsApps;C:\Users\welli\AppData\Local\Programs\Microsoft VS Code\bin;C:\Users\welli\AppData\Local\JetBrains\Toolbox\scripts;
USERNAME=welli
OS=Windows_NT
PROCESSOR_IDENTIFIER=AMD64 Family 23 Model 24 Stepping 1, AuthenticAMD
TMP=C:\Users\welli\AppData\Local\Temp
TEMP=C:\Users\welli\AppData\Local\Temp




Periodic native trim disabled

---------------  S Y S T E M  ---------------

OS:
 Windows 11 , 64 bit Build 26100 (10.0.26100.8246)
OS uptime: 0 days 1:13 hours

CPU: total 4 (initial active 4) (4 cores per cpu, 1 threads per core) family 23 model 24 stepping 1 microcode 0x8108109, cx8, cmov, fxsr, mmx, 3dnowpref, sse, sse2, sse3, ssse3, sse4a, sse4.1, sse4.2, popcnt, lzcnt, tsc, tscinvbit, avx, avx2, aes, clmul, bmi1, bmi2, adx, sha, fma, vzeroupper, clflush, clflushopt, rdtscp, f16c
Processor Information for the first 4 processors :
  Max Mhz: 3600, Current Mhz: 3600, Mhz Limit: 3600

Memory: 4k page, system-wide physical 6084M (1525M free)
TotalPageFile size 11460M (AvailPageFile size 4253M)
current process WorkingSet (physical memory assigned to process): 260M, peak: 264M
current process commit charge ("private bytes"): 333M, peak: 338M

vm_info: OpenJDK 64-Bit Server VM (21.0.10+7-LTS) for windows-amd64 JRE (21.0.10+7-LTS), built on 2026-01-20T00:00:00Z by "admin" with MS VC++ 17.12 (VS2022)

END.
